[ 2015-10-06T06:35:01+08:00 ] 127.0.0.1 /manage
INFO: [ app_init ] --START--
INFO: Run Behavior\BuildLiteBehavior [ RunTime:0.001000s ]
INFO: [ app_init ] --END-- [ RunTime:0.030002s ]
INFO: [ app_begin ] --START--
INFO: Run Behavior\ReadHtmlCacheBehavior [ RunTime:0.003001s ]
INFO: [ app_begin ] --END-- [ RunTime:0.004001s ]
INFO: [ view_parse ] --START--
INFO: [ template_filter ] --START--
INFO: Run Behavior\ContentReplaceBehavior [ RunTime:0.013000s ]
INFO: [ template_filter ] --END-- [ RunTime:0.014000s ]
NOTIC: [8] Undefined index: class D:\phpStudy\WWW\vadmin\Application\Runtime\Cache\Manage\737aa8fc5877d411a50443dade831133.php 第 137 行.
NOTIC: [8] Undefined index: en_name D:\phpStudy\WWW\vadmin\Application\Runtime\Cache\Manage\737aa8fc5877d411a50443dade831133.php 第 137 行.
NOTIC: [8] Undefined index: class D:\phpStudy\WWW\vadmin\Application\Runtime\Cache\Manage\737aa8fc5877d411a50443dade831133.php 第 142 行.
NOTIC: [8] Undefined index: en_name D:\phpStudy\WWW\vadmin\Application\Runtime\Cache\Manage\737aa8fc5877d411a50443dade831133.php 第 142 行.
NOTIC: [8] Undefined index: class D:\phpStudy\WWW\vadmin\Application\Runtime\Cache\Manage\737aa8fc5877d411a50443dade831133.php 第 142 行.
NOTIC: [8] Undefined index: en_name D:\phpStudy\WWW\vadmin\Application\Runtime\Cache\Manage\737aa8fc5877d411a50443dade831133.php 第 142 行.
NOTIC: [8] Undefined index: class D:\phpStudy\WWW\vadmin\Application\Runtime\Cache\Manage\737aa8fc5877d411a50443dade831133.php 第 142 行.
NOTIC: [8] Undefined index: en_name D:\phpStudy\WWW\vadmin\Application\Runtime\Cache\Manage\737aa8fc5877d411a50443dade831133.php 第 142 行.
NOTIC: [8] Undefined index: class D:\phpStudy\WWW\vadmin\Application\Runtime\Cache\Manage\737aa8fc5877d411a50443dade831133.php 第 137 行.
NOTIC: [8] Undefined index: en_name D:\phpStudy\WWW\vadmin\Application\Runtime\Cache\Manage\737aa8fc5877d411a50443dade831133.php 第 137 行.
NOTIC: [8] Undefined index: class D:\phpStudy\WWW\vadmin\Application\Runtime\Cache\Manage\737aa8fc5877d411a50443dade831133.php 第 142 行.
NOTIC: [8] Undefined index: en_name D:\phpStudy\WWW\vadmin\Application\Runtime\Cache\Manage\737aa8fc5877d411a50443dade831133.php 第 142 行.
NOTIC: [8] Undefined index: class D:\phpStudy\WWW\vadmin\Application\Runtime\Cache\Manage\737aa8fc5877d411a50443dade831133.php 第 142 行.
NOTIC: [8] Undefined index: en_name D:\phpStudy\WWW\vadmin\Application\Runtime\Cache\Manage\737aa8fc5877d411a50443dade831133.php 第 142 行.
INFO: Run Behavior\ParseTemplateBehavior [ RunTime:0.182010s ]
INFO: [ view_parse ] --END-- [ RunTime:0.182010s ]
INFO: [ view_filter ] --START--
INFO: Run Behavior\WriteHtmlCacheBehavior [ RunTime:0.025002s ]
INFO: [ view_filter ] --END-- [ RunTime:0.025002s ]
INFO: [ app_end ] --START--
INFO: Run Behavior\ShowPageTraceBehavior [ RunTime:0.001000s ]
INFO: [ app_end ] --END-- [ RunTime:0.002000s ]

[ 2015-10-06T06:35:04+08:00 ] 127.0.0.1 /manage/index/test
INFO: [ app_init ] --START--
INFO: Run Behavior\BuildLiteBehavior [ RunTime:0.000000s ]
INFO: [ app_init ] --END-- [ RunTime:0.027001s ]
INFO: [ app_begin ] --START--
INFO: Run Behavior\ReadHtmlCacheBehavior [ RunTime:0.001000s ]
INFO: [ app_begin ] --END-- [ RunTime:0.001000s ]
INFO: [ view_parse ] --START--
INFO: [ template_filter ] --START--
INFO: Run Behavior\ContentReplaceBehavior [ RunTime:0.000000s ]
INFO: [ template_filter ] --END-- [ RunTime:0.000000s ]
INFO: Run Behavior\ParseTemplateBehavior [ RunTime:0.009000s ]
INFO: [ view_parse ] --END-- [ RunTime:0.010000s ]
INFO: [ view_filter ] --START--
INFO: Run Behavior\WriteHtmlCacheBehavior [ RunTime:0.000000s ]
INFO: [ view_filter ] --END-- [ RunTime:0.000000s ]
INFO: [ view_parse ] --START--
INFO: [ template_filter ] --START--
INFO: Run Behavior\ContentReplaceBehavior [ RunTime:0.000000s ]
INFO: [ template_filter ] --END-- [ RunTime:-0.006001s ]
INFO: Run Behavior\ParseTemplateBehavior [ RunTime:0.003001s ]
INFO: [ view_parse ] --END-- [ RunTime:0.000000s ]
INFO: [ view_filter ] --START--
INFO: Run Behavior\WriteHtmlCacheBehavior [ RunTime:0.000000s ]
INFO: [ view_filter ] --END-- [ RunTime:-0.004001s ]
INFO: [ app_end ] --START--
INFO: Run Behavior\ShowPageTraceBehavior [ RunTime:0.000000s ]
INFO: [ app_end ] --END-- [ RunTime:0.000000s ]

[ 2015-10-06T06:35:06+08:00 ] 127.0.0.1 /manage/index/test1
INFO: [ app_init ] --START--
INFO: Run Behavior\BuildLiteBehavior [ RunTime:0.001000s ]
INFO: [ app_init ] --END-- [ RunTime:0.001000s ]
INFO: [ app_begin ] --START--
INFO: Run Behavior\ReadHtmlCacheBehavior [ RunTime:0.000000s ]
INFO: [ app_begin ] --END-- [ RunTime:0.000000s ]
INFO: [ view_parse ] --START--
INFO: [ template_filter ] --START--
INFO: Run Behavior\ContentReplaceBehavior [ RunTime:0.000000s ]
INFO: [ template_filter ] --END-- [ RunTime:0.000000s ]
INFO: Run Behavior\ParseTemplateBehavior [ RunTime:0.053003s ]
INFO: [ view_parse ] --END-- [ RunTime:0.053003s ]
INFO: [ view_filter ] --START--
INFO: Run Behavior\WriteHtmlCacheBehavior [ RunTime:0.000000s ]
INFO: [ view_filter ] --END-- [ RunTime:0.000000s ]
INFO: [ view_parse ] --START--
INFO: [ template_filter ] --START--
INFO: Run Behavior\ContentReplaceBehavior [ RunTime:0.000000s ]
INFO: [ template_filter ] --END-- [ RunTime:-0.048003s ]
INFO: Run Behavior\ParseTemplateBehavior [ RunTime:0.004000s ]
INFO: [ view_parse ] --END-- [ RunTime:-0.001000s ]
INFO: [ view_filter ] --START--
INFO: Run Behavior\WriteHtmlCacheBehavior [ RunTime:0.000000s ]
INFO: [ view_filter ] --END-- [ RunTime:-0.005000s ]
INFO: [ app_end ] --START--
INFO: Run Behavior\ShowPageTraceBehavior [ RunTime:0.001000s ]
INFO: [ app_end ] --END-- [ RunTime:0.001000s ]

[ 2015-10-06T07:11:14+08:00 ] 127.0.0.1 /manage
INFO: [ app_init ] --START--
INFO: Run Behavior\BuildLiteBehavior [ RunTime:0.000000s ]
INFO: [ app_init ] --END-- [ RunTime:0.002000s ]
INFO: [ app_begin ] --START--
INFO: Run Behavior\ReadHtmlCacheBehavior [ RunTime:0.002000s ]
INFO: [ app_begin ] --END-- [ RunTime:0.002000s ]
INFO: [ view_parse ] --START--
INFO: [ template_filter ] --START--
INFO: Run Behavior\ContentReplaceBehavior [ RunTime:0.000000s ]
INFO: [ template_filter ] --END-- [ RunTime:0.000000s ]
NOTIC: [8] Undefined index: class D:\phpStudy\WWW\vadmin\Application\Runtime\Cache\Manage\737aa8fc5877d411a50443dade831133.php 第 137 行.
NOTIC: [8] Undefined index: en_name D:\phpStudy\WWW\vadmin\Application\Runtime\Cache\Manage\737aa8fc5877d411a50443dade831133.php 第 137 行.
NOTIC: [8] Undefined index: class D:\phpStudy\WWW\vadmin\Application\Runtime\Cache\Manage\737aa8fc5877d411a50443dade831133.php 第 142 行.
NOTIC: [8] Undefined index: en_name D:\phpStudy\WWW\vadmin\Application\Runtime\Cache\Manage\737aa8fc5877d411a50443dade831133.php 第 142 行.
NOTIC: [8] Undefined index: class D:\phpStudy\WWW\vadmin\Application\Runtime\Cache\Manage\737aa8fc5877d411a50443dade831133.php 第 142 行.
NOTIC: [8] Undefined index: en_name D:\phpStudy\WWW\vadmin\Application\Runtime\Cache\Manage\737aa8fc5877d411a50443dade831133.php 第 142 行.
NOTIC: [8] Undefined index: class D:\phpStudy\WWW\vadmin\Application\Runtime\Cache\Manage\737aa8fc5877d411a50443dade831133.php 第 142 行.
NOTIC: [8] Undefined index: en_name D:\phpStudy\WWW\vadmin\Application\Runtime\Cache\Manage\737aa8fc5877d411a50443dade831133.php 第 142 行.
NOTIC: [8] Undefined index: class D:\phpStudy\WWW\vadmin\Application\Runtime\Cache\Manage\737aa8fc5877d411a50443dade831133.php 第 137 行.
NOTIC: [8] Undefined index: en_name D:\phpStudy\WWW\vadmin\Application\Runtime\Cache\Manage\737aa8fc5877d411a50443dade831133.php 第 137 行.
NOTIC: [8] Undefined index: class D:\phpStudy\WWW\vadmin\Application\Runtime\Cache\Manage\737aa8fc5877d411a50443dade831133.php 第 142 行.
NOTIC: [8] Undefined index: en_name D:\phpStudy\WWW\vadmin\Application\Runtime\Cache\Manage\737aa8fc5877d411a50443dade831133.php 第 142 行.
NOTIC: [8] Undefined index: class D:\phpStudy\WWW\vadmin\Application\Runtime\Cache\Manage\737aa8fc5877d411a50443dade831133.php 第 142 行.
NOTIC: [8] Undefined index: en_name D:\phpStudy\WWW\vadmin\Application\Runtime\Cache\Manage\737aa8fc5877d411a50443dade831133.php 第 142 行.
INFO: Run Behavior\ParseTemplateBehavior [ RunTime:0.094006s ]
INFO: [ view_parse ] --END-- [ RunTime:0.094006s ]
INFO: [ view_filter ] --START--
INFO: Run Behavior\WriteHtmlCacheBehavior [ RunTime:0.020001s ]
INFO: [ view_filter ] --END-- [ RunTime:0.020001s ]
INFO: [ app_end ] --START--
INFO: Run Behavior\ShowPageTraceBehavior [ RunTime:0.001000s ]
INFO: [ app_end ] --END-- [ RunTime:0.002000s ]

[ 2015-10-06T07:11:16+08:00 ] 127.0.0.1 /manage/index/test
INFO: [ app_init ] --START--
INFO: Run Behavior\BuildLiteBehavior [ RunTime:0.000000s ]
INFO: [ app_init ] --END-- [ RunTime:0.001000s ]
INFO: [ app_begin ] --START--
INFO: Run Behavior\ReadHtmlCacheBehavior [ RunTime:0.000000s ]
INFO: [ app_begin ] --END-- [ RunTime:0.000000s ]
INFO: [ view_parse ] --START--
INFO: [ template_filter ] --START--
INFO: Run Behavior\ContentReplaceBehavior [ RunTime:0.000000s ]
INFO: [ template_filter ] --END-- [ RunTime:0.001000s ]
INFO: Run Behavior\ParseTemplateBehavior [ RunTime:0.051003s ]
INFO: [ view_parse ] --END-- [ RunTime:0.051003s ]
INFO: [ view_filter ] --START--
INFO: Run Behavior\WriteHtmlCacheBehavior [ RunTime:0.000000s ]
INFO: [ view_filter ] --END-- [ RunTime:0.000000s ]
INFO: [ view_parse ] --START--
INFO: [ template_filter ] --START--
INFO: Run Behavior\ContentReplaceBehavior [ RunTime:0.001000s ]
INFO: [ template_filter ] --END-- [ RunTime:-0.005000s ]
INFO: Run Behavior\ParseTemplateBehavior [ RunTime:0.004000s ]
INFO: [ view_parse ] --END-- [ RunTime:0.000000s ]
INFO: [ view_filter ] --START--
INFO: Run Behavior\WriteHtmlCacheBehavior [ RunTime:0.000000s ]
INFO: [ view_filter ] --END-- [ RunTime:-0.005000s ]
INFO: [ app_end ] --START--
INFO: Run Behavior\ShowPageTraceBehavior [ RunTime:0.001001s ]
INFO: [ app_end ] --END-- [ RunTime:0.001001s ]

[ 2015-10-06T07:12:08+08:00 ] 127.0.0.1 /manage
INFO: [ app_init ] --START--
INFO: Run Behavior\BuildLiteBehavior [ RunTime:0.000000s ]
INFO: [ app_init ] --END-- [ RunTime:0.001000s ]
INFO: [ app_begin ] --START--
INFO: Run Behavior\ReadHtmlCacheBehavior [ RunTime:0.001000s ]
INFO: [ app_begin ] --END-- [ RunTime:0.001000s ]
INFO: [ view_parse ] --START--
INFO: [ template_filter ] --START--
INFO: Run Behavior\ContentReplaceBehavior [ RunTime:0.000000s ]
INFO: [ template_filter ] --END-- [ RunTime:0.000000s ]
NOTIC: [8] Undefined index: class D:\phpStudy\WWW\vadmin\Application\Runtime\Cache\Manage\737aa8fc5877d411a50443dade831133.php 第 137 行.
NOTIC: [8] Undefined index: en_name D:\phpStudy\WWW\vadmin\Application\Runtime\Cache\Manage\737aa8fc5877d411a50443dade831133.php 第 137 行.
NOTIC: [8] Undefined index: class D:\phpStudy\WWW\vadmin\Application\Runtime\Cache\Manage\737aa8fc5877d411a50443dade831133.php 第 142 行.
NOTIC: [8] Undefined index: en_name D:\phpStudy\WWW\vadmin\Application\Runtime\Cache\Manage\737aa8fc5877d411a50443dade831133.php 第 142 行.
NOTIC: [8] Undefined index: class D:\phpStudy\WWW\vadmin\Application\Runtime\Cache\Manage\737aa8fc5877d411a50443dade831133.php 第 142 行.
NOTIC: [8] Undefined index: en_name D:\phpStudy\WWW\vadmin\Application\Runtime\Cache\Manage\737aa8fc5877d411a50443dade831133.php 第 142 行.
NOTIC: [8] Undefined index: class D:\phpStudy\WWW\vadmin\Application\Runtime\Cache\Manage\737aa8fc5877d411a50443dade831133.php 第 142 行.
NOTIC: [8] Undefined index: en_name D:\phpStudy\WWW\vadmin\Application\Runtime\Cache\Manage\737aa8fc5877d411a50443dade831133.php 第 142 行.
NOTIC: [8] Undefined index: class D:\phpStudy\WWW\vadmin\Application\Runtime\Cache\Manage\737aa8fc5877d411a50443dade831133.php 第 137 行.
NOTIC: [8] Undefined index: en_name D:\phpStudy\WWW\vadmin\Application\Runtime\Cache\Manage\737aa8fc5877d411a50443dade831133.php 第 137 行.
NOTIC: [8] Undefined index: class D:\phpStudy\WWW\vadmin\Application\Runtime\Cache\Manage\737aa8fc5877d411a50443dade831133.php 第 142 行.
NOTIC: [8] Undefined index: en_name D:\phpStudy\WWW\vadmin\Application\Runtime\Cache\Manage\737aa8fc5877d411a50443dade831133.php 第 142 行.
NOTIC: [8] Undefined index: class D:\phpStudy\WWW\vadmin\Application\Runtime\Cache\Manage\737aa8fc5877d411a50443dade831133.php 第 142 行.
NOTIC: [8] Undefined index: en_name D:\phpStudy\WWW\vadmin\Application\Runtime\Cache\Manage\737aa8fc5877d411a50443dade831133.php 第 142 行.
INFO: Run Behavior\ParseTemplateBehavior [ RunTime:0.033002s ]
INFO: [ view_parse ] --END-- [ RunTime:0.033002s ]
INFO: [ view_filter ] --START--
INFO: Run Behavior\WriteHtmlCacheBehavior [ RunTime:0.000000s ]
INFO: [ view_filter ] --END-- [ RunTime:0.000000s ]
INFO: [ app_end ] --START--
INFO: Run Behavior\ShowPageTraceBehavior [ RunTime:0.001000s ]
INFO: [ app_end ] --END-- [ RunTime:0.001000s ]

[ 2015-10-06T07:12:09+08:00 ] 127.0.0.1 /manage/index/test
INFO: [ app_init ] --START--
INFO: Run Behavior\BuildLiteBehavior [ RunTime:0.000000s ]
INFO: [ app_init ] --END-- [ RunTime:0.000000s ]
INFO: [ app_begin ] --START--
INFO: Run Behavior\ReadHtmlCacheBehavior [ RunTime:0.001000s ]
INFO: [ app_begin ] --END-- [ RunTime:0.001000s ]
INFO: [ view_parse ] --START--
INFO: [ template_filter ] --START--
INFO: Run Behavior\ContentReplaceBehavior [ RunTime:0.001000s ]
INFO: [ template_filter ] --END-- [ RunTime:0.001000s ]
INFO: Run Behavior\ParseTemplateBehavior [ RunTime:0.013001s ]
INFO: [ view_parse ] --END-- [ RunTime:0.014001s ]
INFO: [ view_filter ] --START--
INFO: Run Behavior\WriteHtmlCacheBehavior [ RunTime:0.001000s ]
INFO: [ view_filter ] --END-- [ RunTime:0.001000s ]
INFO: [ view_parse ] --START--
INFO: [ template_filter ] --START--
INFO: Run Behavior\ContentReplaceBehavior [ RunTime:0.000000s ]
INFO: [ template_filter ] --END-- [ RunTime:-0.009001s ]
INFO: Run Behavior\ParseTemplateBehavior [ RunTime:0.004000s ]
INFO: [ view_parse ] --END-- [ RunTime:-0.001000s ]
INFO: [ view_filter ] --START--
INFO: Run Behavior\WriteHtmlCacheBehavior [ RunTime:0.000000s ]
INFO: [ view_filter ] --END-- [ RunTime:-0.005000s ]
INFO: [ app_end ] --START--
INFO: Run Behavior\ShowPageTraceBehavior [ RunTime:0.000000s ]
INFO: [ app_end ] --END-- [ RunTime:0.001000s ]

[ 2015-10-06T07:16:32+08:00 ] 127.0.0.1 /manage
INFO: [ app_init ] --START--
INFO: Run Behavior\BuildLiteBehavior [ RunTime:0.000000s ]
INFO: [ app_init ] --END-- [ RunTime:0.001000s ]
INFO: [ app_begin ] --START--
INFO: Run Behavior\ReadHtmlCacheBehavior [ RunTime:0.001000s ]
INFO: [ app_begin ] --END-- [ RunTime:0.001000s ]
INFO: [ view_parse ] --START--
INFO: [ template_filter ] --START--
INFO: Run Behavior\ContentReplaceBehavior [ RunTime:0.001000s ]
INFO: [ template_filter ] --END-- [ RunTime:0.001000s ]
NOTIC: [8] Undefined index: class D:\phpStudy\WWW\vadmin\Application\Runtime\Cache\Manage\737aa8fc5877d411a50443dade831133.php 第 137 行.
NOTIC: [8] Undefined index: en_name D:\phpStudy\WWW\vadmin\Application\Runtime\Cache\Manage\737aa8fc5877d411a50443dade831133.php 第 137 行.
NOTIC: [8] Undefined index: class D:\phpStudy\WWW\vadmin\Application\Runtime\Cache\Manage\737aa8fc5877d411a50443dade831133.php 第 142 行.
NOTIC: [8] Undefined index: en_name D:\phpStudy\WWW\vadmin\Application\Runtime\Cache\Manage\737aa8fc5877d411a50443dade831133.php 第 142 行.
NOTIC: [8] Undefined index: class D:\phpStudy\WWW\vadmin\Application\Runtime\Cache\Manage\737aa8fc5877d411a50443dade831133.php 第 142 行.
NOTIC: [8] Undefined index: en_name D:\phpStudy\WWW\vadmin\Application\Runtime\Cache\Manage\737aa8fc5877d411a50443dade831133.php 第 142 行.
NOTIC: [8] Undefined index: class D:\phpStudy\WWW\vadmin\Application\Runtime\Cache\Manage\737aa8fc5877d411a50443dade831133.php 第 142 行.
NOTIC: [8] Undefined index: en_name D:\phpStudy\WWW\vadmin\Application\Runtime\Cache\Manage\737aa8fc5877d411a50443dade831133.php 第 142 行.
NOTIC: [8] Undefined index: class D:\phpStudy\WWW\vadmin\Application\Runtime\Cache\Manage\737aa8fc5877d411a50443dade831133.php 第 137 行.
NOTIC: [8] Undefined index: en_name D:\phpStudy\WWW\vadmin\Application\Runtime\Cache\Manage\737aa8fc5877d411a50443dade831133.php 第 137 行.
NOTIC: [8] Undefined index: class D:\phpStudy\WWW\vadmin\Application\Runtime\Cache\Manage\737aa8fc5877d411a50443dade831133.php 第 142 行.
NOTIC: [8] Undefined index: en_name D:\phpStudy\WWW\vadmin\Application\Runtime\Cache\Manage\737aa8fc5877d411a50443dade831133.php 第 142 行.
NOTIC: [8] Undefined index: class D:\phpStudy\WWW\vadmin\Application\Runtime\Cache\Manage\737aa8fc5877d411a50443dade831133.php 第 142 行.
NOTIC: [8] Undefined index: en_name D:\phpStudy\WWW\vadmin\Application\Runtime\Cache\Manage\737aa8fc5877d411a50443dade831133.php 第 142 行.
INFO: Run Behavior\ParseTemplateBehavior [ RunTime:0.027002s ]
INFO: [ view_parse ] --END-- [ RunTime:0.027002s ]
INFO: [ view_filter ] --START--
INFO: Run Behavior\WriteHtmlCacheBehavior [ RunTime:0.001000s ]
INFO: [ view_filter ] --END-- [ RunTime:0.001000s ]
INFO: [ app_end ] --START--
INFO: Run Behavior\ShowPageTraceBehavior [ RunTime:0.001000s ]
INFO: [ app_end ] --END-- [ RunTime:0.001000s ]

[ 2015-10-06T07:16:34+08:00 ] 127.0.0.1 /manage/index/test
INFO: [ app_init ] --START--
INFO: Run Behavior\BuildLiteBehavior [ RunTime:0.000000s ]
INFO: [ app_init ] --END-- [ RunTime:0.001001s ]
INFO: [ app_begin ] --START--
INFO: Run Behavior\ReadHtmlCacheBehavior [ RunTime:0.002000s ]
INFO: [ app_begin ] --END-- [ RunTime:0.002000s ]
INFO: [ view_parse ] --START--
INFO: [ template_filter ] --START--
INFO: Run Behavior\ContentReplaceBehavior [ RunTime:0.000000s ]
INFO: [ template_filter ] --END-- [ RunTime:0.001000s ]
INFO: Run Behavior\ParseTemplateBehavior [ RunTime:0.009000s ]
INFO: [ view_parse ] --END-- [ RunTime:0.009000s ]
INFO: [ view_filter ] --START--
INFO: Run Behavior\WriteHtmlCacheBehavior [ RunTime:0.001001s ]
INFO: [ view_filter ] --END-- [ RunTime:0.001001s ]
INFO: [ view_parse ] --START--
INFO: [ template_filter ] --START--
INFO: Run Behavior\ContentReplaceBehavior [ RunTime:0.000000s ]
INFO: [ template_filter ] --END-- [ RunTime:-0.005001s ]
INFO: Run Behavior\ParseTemplateBehavior [ RunTime:0.004000s ]
INFO: [ view_parse ] --END-- [ RunTime:-0.002001s ]
INFO: [ view_filter ] --START--
INFO: Run Behavior\WriteHtmlCacheBehavior [ RunTime:0.000000s ]
INFO: [ view_filter ] --END-- [ RunTime:-0.005000s ]
INFO: [ app_end ] --START--
INFO: Run Behavior\ShowPageTraceBehavior [ RunTime:0.001000s ]
INFO: [ app_end ] --END-- [ RunTime:0.001000s ]

[ 2015-10-06T07:16:35+08:00 ] 127.0.0.1 /manage/index/test1
INFO: [ app_init ] --START--
INFO: Run Behavior\BuildLiteBehavior [ RunTime:0.000000s ]
INFO: [ app_init ] --END-- [ RunTime:0.001000s ]
INFO: [ app_begin ] --START--
INFO: Run Behavior\ReadHtmlCacheBehavior [ RunTime:0.000000s ]
INFO: [ app_begin ] --END-- [ RunTime:0.000000s ]
INFO: [ view_parse ] --START--
INFO: [ template_filter ] --START--
INFO: Run Behavior\ContentReplaceBehavior [ RunTime:0.000000s ]
INFO: [ template_filter ] --END-- [ RunTime:0.000000s ]
INFO: Run Behavior\ParseTemplateBehavior [ RunTime:0.045002s ]
INFO: [ view_parse ] --END-- [ RunTime:0.045002s ]
INFO: [ view_filter ] --START--
INFO: Run Behavior\WriteHtmlCacheBehavior [ RunTime:0.001001s ]
INFO: [ view_filter ] --END-- [ RunTime:0.001001s ]
INFO: [ view_parse ] --START--
INFO: [ template_filter ] --START--
INFO: Run Behavior\ContentReplaceBehavior [ RunTime:0.000000s ]
INFO: [ template_filter ] --END-- [ RunTime:-0.006001s ]
INFO: Run Behavior\ParseTemplateBehavior [ RunTime:0.005000s ]
INFO: [ view_parse ] --END-- [ RunTime:-0.001001s ]
INFO: [ view_filter ] --START--
INFO: Run Behavior\WriteHtmlCacheBehavior [ RunTime:0.000000s ]
INFO: [ view_filter ] --END-- [ RunTime:-0.005000s ]
INFO: [ app_end ] --START--
INFO: Run Behavior\ShowPageTraceBehavior [ RunTime:0.001000s ]
INFO: [ app_end ] --END-- [ RunTime:0.001000s ]

