[ 2015-09-29T06:50:58+08:00 ] 127.0.0.1 /
INFO: [ app_init ] --START--
INFO: Run Behavior\BuildLiteBehavior [ RunTime:0.000000s ]
INFO: [ app_init ] --END-- [ RunTime:0.037002s ]
INFO: [ app_begin ] --START--
INFO: Run Behavior\ReadHtmlCacheBehavior [ RunTime:0.027001s ]
INFO: [ app_begin ] --END-- [ RunTime:0.028002s ]
INFO: [ view_parse ] --START--
INFO: Run Behavior\ParseTemplateBehavior [ RunTime:0.014001s ]
INFO: [ view_parse ] --END-- [ RunTime:0.014001s ]
INFO: [ view_filter ] --START--
INFO: Run Behavior\WriteHtmlCacheBehavior [ RunTime:0.014001s ]
INFO: [ view_filter ] --END-- [ RunTime:0.014001s ]
INFO: [ view_parse ] --START--
ERR: 模板不存在:./Application/Home/View/layout.html

[ 2015-09-29T06:50:59+08:00 ] 127.0.0.1 /favicon.ico
INFO: [ app_init ] --START--
INFO: Run Behavior\BuildLiteBehavior [ RunTime:0.000000s ]
INFO: [ app_init ] --END-- [ RunTime:0.001000s ]

[ 2015-09-29T07:16:48+08:00 ] 127.0.0.1 /img/placeholders/avatars/avatar12.jpg
INFO: [ app_init ] --START--
INFO: Run Behavior\BuildLiteBehavior [ RunTime:0.000000s ]
INFO: [ app_init ] --END-- [ RunTime:0.000000s ]

[ 2015-09-29T07:16:48+08:00 ] 127.0.0.1 /img/placeholders/avatars/avatar15.jpg
INFO: [ app_init ] --START--
INFO: Run Behavior\BuildLiteBehavior [ RunTime:0.000000s ]
INFO: [ app_init ] --END-- [ RunTime:0.000000s ]

[ 2015-09-29T07:16:48+08:00 ] 127.0.0.1 /img/placeholders/avatars/avatar10.jpg
INFO: [ app_init ] --START--
INFO: Run Behavior\BuildLiteBehavior [ RunTime:0.000000s ]
INFO: [ app_init ] --END-- [ RunTime:0.000000s ]

[ 2015-09-29T07:16:48+08:00 ] 127.0.0.1 /img/placeholders/avatars/avatar4.jpg
INFO: [ app_init ] --START--
INFO: Run Behavior\BuildLiteBehavior [ RunTime:0.000000s ]
INFO: [ app_init ] --END-- [ RunTime:0.000000s ]

[ 2015-09-29T07:16:48+08:00 ] 127.0.0.1 /img/placeholders/avatars/avatar7.jpg
INFO: [ app_init ] --START--
INFO: Run Behavior\BuildLiteBehavior [ RunTime:0.000000s ]
INFO: [ app_init ] --END-- [ RunTime:0.001000s ]

[ 2015-09-29T07:16:48+08:00 ] 127.0.0.1 /img/placeholders/avatars/avatar9.jpg
INFO: [ app_init ] --START--
INFO: Run Behavior\BuildLiteBehavior [ RunTime:0.000000s ]
INFO: [ app_init ] --END-- [ RunTime:0.001000s ]

[ 2015-09-29T07:16:48+08:00 ] 127.0.0.1 /img/placeholders/avatars/avatar16.jpg
INFO: [ app_init ] --START--
INFO: Run Behavior\BuildLiteBehavior [ RunTime:0.000000s ]
INFO: [ app_init ] --END-- [ RunTime:0.001000s ]

[ 2015-09-29T07:16:48+08:00 ] 127.0.0.1 /img/placeholders/avatars/avatar1.jpg
INFO: [ app_init ] --START--
INFO: Run Behavior\BuildLiteBehavior [ RunTime:0.000000s ]
INFO: [ app_init ] --END-- [ RunTime:0.000000s ]

[ 2015-09-29T07:16:49+08:00 ] 127.0.0.1 /img/placeholders/avatars/avatar3.jpg
INFO: [ app_init ] --START--
INFO: Run Behavior\BuildLiteBehavior [ RunTime:0.000000s ]
INFO: [ app_init ] --END-- [ RunTime:0.000000s ]

[ 2015-09-29T07:16:49+08:00 ] 127.0.0.1 /img/placeholders/avatars/avatar13.jpg
INFO: [ app_init ] --START--
INFO: Run Behavior\BuildLiteBehavior [ RunTime:0.000000s ]
INFO: [ app_init ] --END-- [ RunTime:0.000000s ]

[ 2015-09-29T07:16:49+08:00 ] 127.0.0.1 /img/placeholders/avatars/avatar5.jpg
INFO: [ app_init ] --START--
INFO: Run Behavior\BuildLiteBehavior [ RunTime:0.000000s ]
INFO: [ app_init ] --END-- [ RunTime:0.001000s ]

[ 2015-09-29T07:16:49+08:00 ] 127.0.0.1 /img/placeholders/avatars/avatar2.jpg
INFO: [ app_init ] --START--
INFO: Run Behavior\BuildLiteBehavior [ RunTime:0.000000s ]
INFO: [ app_init ] --END-- [ RunTime:0.001000s ]

[ 2015-09-29T07:16:49+08:00 ] 127.0.0.1 /img/placeholders/avatars/avatar12.jpg
INFO: [ app_init ] --START--
INFO: Run Behavior\BuildLiteBehavior [ RunTime:0.000000s ]
INFO: [ app_init ] --END-- [ RunTime:0.001000s ]

[ 2015-09-29T07:16:49+08:00 ] 127.0.0.1 /img/placeholders/avatars/avatar15.jpg
INFO: [ app_init ] --START--
INFO: Run Behavior\BuildLiteBehavior [ RunTime:0.000000s ]
INFO: [ app_init ] --END-- [ RunTime:0.001000s ]

[ 2015-09-29T07:16:49+08:00 ] 127.0.0.1 /img/placeholders/avatars/avatar10.jpg
INFO: [ app_init ] --START--
INFO: Run Behavior\BuildLiteBehavior [ RunTime:0.000000s ]
INFO: [ app_init ] --END-- [ RunTime:0.001000s ]

[ 2015-09-29T07:16:49+08:00 ] 127.0.0.1 /img/placeholders/avatars/avatar4.jpg
INFO: [ app_init ] --START--
INFO: Run Behavior\BuildLiteBehavior [ RunTime:0.000000s ]
INFO: [ app_init ] --END-- [ RunTime:0.001001s ]

[ 2015-09-29T07:16:49+08:00 ] 127.0.0.1 /img/placeholders/avatars/avatar7.jpg
INFO: [ app_init ] --START--
INFO: Run Behavior\BuildLiteBehavior [ RunTime:0.000000s ]
INFO: [ app_init ] --END-- [ RunTime:0.001000s ]

[ 2015-09-29T07:16:49+08:00 ] 127.0.0.1 /img/placeholders/avatars/avatar9.jpg
INFO: [ app_init ] --START--
INFO: Run Behavior\BuildLiteBehavior [ RunTime:0.000000s ]
INFO: [ app_init ] --END-- [ RunTime:0.001000s ]

[ 2015-09-29T07:16:49+08:00 ] 127.0.0.1 /img/placeholders/avatars/avatar2.jpg
INFO: [ app_init ] --START--
INFO: Run Behavior\BuildLiteBehavior [ RunTime:0.000000s ]
INFO: [ app_init ] --END-- [ RunTime:0.000000s ]

[ 2015-09-29T07:16:49+08:00 ] 127.0.0.1 /img/placeholders/avatars/avatar16.jpg
INFO: [ app_init ] --START--
INFO: Run Behavior\BuildLiteBehavior [ RunTime:0.000000s ]
INFO: [ app_init ] --END-- [ RunTime:0.001000s ]

[ 2015-09-29T07:16:49+08:00 ] 127.0.0.1 /img/placeholders/avatars/avatar1.jpg
INFO: [ app_init ] --START--
INFO: Run Behavior\BuildLiteBehavior [ RunTime:0.000000s ]
INFO: [ app_init ] --END-- [ RunTime:0.001000s ]

[ 2015-09-29T07:16:49+08:00 ] 127.0.0.1 /img/placeholders/avatars/avatar3.jpg
INFO: [ app_init ] --START--
INFO: Run Behavior\BuildLiteBehavior [ RunTime:0.000000s ]
INFO: [ app_init ] --END-- [ RunTime:0.000000s ]

[ 2015-09-29T07:16:49+08:00 ] 127.0.0.1 /img/placeholders/avatars/avatar13.jpg
INFO: [ app_init ] --START--
INFO: Run Behavior\BuildLiteBehavior [ RunTime:0.000000s ]
INFO: [ app_init ] --END-- [ RunTime:0.000000s ]

[ 2015-09-29T07:16:49+08:00 ] 127.0.0.1 /img/placeholders/avatars/avatar5.jpg
INFO: [ app_init ] --START--
INFO: Run Behavior\BuildLiteBehavior [ RunTime:0.000000s ]
INFO: [ app_init ] --END-- [ RunTime:0.000000s ]

[ 2015-09-29T07:21:58+08:00 ] 127.0.0.1 /img/placeholders/avatars/avatar12.jpg
INFO: [ app_init ] --START--
INFO: Run Behavior\BuildLiteBehavior [ RunTime:0.000000s ]
INFO: [ app_init ] --END-- [ RunTime:0.001000s ]

[ 2015-09-29T07:21:58+08:00 ] 127.0.0.1 /img/placeholders/avatars/avatar15.jpg
INFO: [ app_init ] --START--
INFO: Run Behavior\BuildLiteBehavior [ RunTime:0.000000s ]
INFO: [ app_init ] --END-- [ RunTime:0.001000s ]

[ 2015-09-29T07:21:58+08:00 ] 127.0.0.1 /img/placeholders/avatars/avatar10.jpg
INFO: [ app_init ] --START--
INFO: Run Behavior\BuildLiteBehavior [ RunTime:0.000000s ]
INFO: [ app_init ] --END-- [ RunTime:0.001000s ]

[ 2015-09-29T07:21:58+08:00 ] 127.0.0.1 /img/placeholders/avatars/avatar4.jpg
INFO: [ app_init ] --START--
INFO: Run Behavior\BuildLiteBehavior [ RunTime:0.000000s ]
INFO: [ app_init ] --END-- [ RunTime:0.000000s ]

[ 2015-09-29T07:21:58+08:00 ] 127.0.0.1 /img/placeholders/avatars/avatar7.jpg
INFO: [ app_init ] --START--
INFO: Run Behavior\BuildLiteBehavior [ RunTime:0.000000s ]
INFO: [ app_init ] --END-- [ RunTime:0.000000s ]

[ 2015-09-29T07:21:58+08:00 ] 127.0.0.1 /img/placeholders/avatars/avatar9.jpg
INFO: [ app_init ] --START--
INFO: Run Behavior\BuildLiteBehavior [ RunTime:0.000000s ]
INFO: [ app_init ] --END-- [ RunTime:0.001000s ]

[ 2015-09-29T07:21:59+08:00 ] 127.0.0.1 /img/placeholders/avatars/avatar16.jpg
INFO: [ app_init ] --START--
INFO: Run Behavior\BuildLiteBehavior [ RunTime:0.000000s ]
INFO: [ app_init ] --END-- [ RunTime:0.001000s ]

[ 2015-09-29T07:21:59+08:00 ] 127.0.0.1 /img/placeholders/avatars/avatar1.jpg
INFO: [ app_init ] --START--
INFO: Run Behavior\BuildLiteBehavior [ RunTime:0.000000s ]
INFO: [ app_init ] --END-- [ RunTime:0.001000s ]

[ 2015-09-29T07:21:59+08:00 ] 127.0.0.1 /img/placeholders/avatars/avatar3.jpg
INFO: [ app_init ] --START--
INFO: Run Behavior\BuildLiteBehavior [ RunTime:0.000000s ]
INFO: [ app_init ] --END-- [ RunTime:0.001000s ]

[ 2015-09-29T07:21:59+08:00 ] 127.0.0.1 /img/placeholders/avatars/avatar13.jpg
INFO: [ app_init ] --START--
INFO: Run Behavior\BuildLiteBehavior [ RunTime:0.000000s ]
INFO: [ app_init ] --END-- [ RunTime:0.001001s ]

[ 2015-09-29T07:21:59+08:00 ] 127.0.0.1 /img/placeholders/avatars/avatar5.jpg
INFO: [ app_init ] --START--
INFO: Run Behavior\BuildLiteBehavior [ RunTime:0.000000s ]
INFO: [ app_init ] --END-- [ RunTime:0.000000s ]

[ 2015-09-29T07:21:59+08:00 ] 127.0.0.1 /img/placeholders/avatars/avatar2.jpg
INFO: [ app_init ] --START--
INFO: Run Behavior\BuildLiteBehavior [ RunTime:0.000000s ]
INFO: [ app_init ] --END-- [ RunTime:0.000000s ]

[ 2015-09-29T07:21:59+08:00 ] 127.0.0.1 /img/placeholders/avatars/avatar12.jpg
INFO: [ app_init ] --START--
INFO: Run Behavior\BuildLiteBehavior [ RunTime:0.000000s ]
INFO: [ app_init ] --END-- [ RunTime:0.001000s ]

[ 2015-09-29T07:21:59+08:00 ] 127.0.0.1 /img/placeholders/avatars/avatar15.jpg
INFO: [ app_init ] --START--
INFO: Run Behavior\BuildLiteBehavior [ RunTime:0.000000s ]
INFO: [ app_init ] --END-- [ RunTime:0.007000s ]

[ 2015-09-29T07:21:59+08:00 ] 127.0.0.1 /img/placeholders/avatars/avatar10.jpg
INFO: [ app_init ] --START--
INFO: Run Behavior\BuildLiteBehavior [ RunTime:0.000000s ]
INFO: [ app_init ] --END-- [ RunTime:0.001000s ]

[ 2015-09-29T07:21:59+08:00 ] 127.0.0.1 /img/placeholders/avatars/avatar4.jpg
INFO: [ app_init ] --START--
INFO: Run Behavior\BuildLiteBehavior [ RunTime:0.000000s ]
INFO: [ app_init ] --END-- [ RunTime:0.000000s ]

[ 2015-09-29T07:21:59+08:00 ] 127.0.0.1 /img/placeholders/avatars/avatar7.jpg
INFO: [ app_init ] --START--
INFO: Run Behavior\BuildLiteBehavior [ RunTime:0.000000s ]
INFO: [ app_init ] --END-- [ RunTime:0.001000s ]

[ 2015-09-29T07:21:59+08:00 ] 127.0.0.1 /img/placeholders/avatars/avatar9.jpg
INFO: [ app_init ] --START--
INFO: Run Behavior\BuildLiteBehavior [ RunTime:0.000000s ]
INFO: [ app_init ] --END-- [ RunTime:0.001000s ]

[ 2015-09-29T07:21:59+08:00 ] 127.0.0.1 /img/placeholders/avatars/avatar2.jpg
INFO: [ app_init ] --START--
INFO: Run Behavior\BuildLiteBehavior [ RunTime:0.000000s ]
INFO: [ app_init ] --END-- [ RunTime:0.000000s ]

[ 2015-09-29T07:21:59+08:00 ] 127.0.0.1 /img/placeholders/avatars/avatar16.jpg
INFO: [ app_init ] --START--
INFO: Run Behavior\BuildLiteBehavior [ RunTime:0.000000s ]
INFO: [ app_init ] --END-- [ RunTime:0.000000s ]

[ 2015-09-29T07:21:59+08:00 ] 127.0.0.1 /img/placeholders/avatars/avatar1.jpg
INFO: [ app_init ] --START--
INFO: Run Behavior\BuildLiteBehavior [ RunTime:0.000000s ]
INFO: [ app_init ] --END-- [ RunTime:0.001000s ]

[ 2015-09-29T07:21:59+08:00 ] 127.0.0.1 /img/placeholders/avatars/avatar3.jpg
INFO: [ app_init ] --START--
INFO: Run Behavior\BuildLiteBehavior [ RunTime:0.000000s ]
INFO: [ app_init ] --END-- [ RunTime:0.001000s ]

[ 2015-09-29T07:21:59+08:00 ] 127.0.0.1 /img/placeholders/avatars/avatar13.jpg
INFO: [ app_init ] --START--
INFO: Run Behavior\BuildLiteBehavior [ RunTime:0.000000s ]
INFO: [ app_init ] --END-- [ RunTime:0.001000s ]

[ 2015-09-29T07:21:59+08:00 ] 127.0.0.1 /img/placeholders/avatars/avatar5.jpg
INFO: [ app_init ] --START--
INFO: Run Behavior\BuildLiteBehavior [ RunTime:0.000000s ]
INFO: [ app_init ] --END-- [ RunTime:0.001000s ]

[ 2015-09-29T07:32:26+08:00 ] 127.0.0.1 /img/placeholders/avatars/avatar12.jpg
INFO: [ app_init ] --START--
INFO: Run Behavior\BuildLiteBehavior [ RunTime:0.000000s ]
INFO: [ app_init ] --END-- [ RunTime:0.001000s ]

[ 2015-09-29T07:32:26+08:00 ] 127.0.0.1 /img/placeholders/avatars/avatar15.jpg
INFO: [ app_init ] --START--
INFO: Run Behavior\BuildLiteBehavior [ RunTime:0.000000s ]
INFO: [ app_init ] --END-- [ RunTime:0.000000s ]

[ 2015-09-29T07:32:26+08:00 ] 127.0.0.1 /img/placeholders/avatars/avatar10.jpg
INFO: [ app_init ] --START--
INFO: Run Behavior\BuildLiteBehavior [ RunTime:0.000000s ]
INFO: [ app_init ] --END-- [ RunTime:0.000000s ]

[ 2015-09-29T07:32:26+08:00 ] 127.0.0.1 /img/placeholders/avatars/avatar4.jpg
INFO: [ app_init ] --START--
INFO: Run Behavior\BuildLiteBehavior [ RunTime:0.000000s ]
INFO: [ app_init ] --END-- [ RunTime:0.001000s ]

[ 2015-09-29T07:32:26+08:00 ] 127.0.0.1 /img/placeholders/avatars/avatar7.jpg
INFO: [ app_init ] --START--
INFO: Run Behavior\BuildLiteBehavior [ RunTime:0.000000s ]
INFO: [ app_init ] --END-- [ RunTime:0.003001s ]

[ 2015-09-29T07:32:26+08:00 ] 127.0.0.1 /img/placeholders/avatars/avatar9.jpg
INFO: [ app_init ] --START--
INFO: Run Behavior\BuildLiteBehavior [ RunTime:0.000000s ]
INFO: [ app_init ] --END-- [ RunTime:0.001000s ]

[ 2015-09-29T07:32:26+08:00 ] 127.0.0.1 /img/placeholders/avatars/avatar16.jpg
INFO: [ app_init ] --START--
INFO: Run Behavior\BuildLiteBehavior [ RunTime:0.000000s ]
INFO: [ app_init ] --END-- [ RunTime:0.000000s ]

[ 2015-09-29T07:32:26+08:00 ] 127.0.0.1 /img/placeholders/avatars/avatar1.jpg
INFO: [ app_init ] --START--
INFO: Run Behavior\BuildLiteBehavior [ RunTime:0.000000s ]
INFO: [ app_init ] --END-- [ RunTime:0.001000s ]

[ 2015-09-29T07:32:26+08:00 ] 127.0.0.1 /img/placeholders/avatars/avatar2.jpg
INFO: [ app_init ] --START--
INFO: Run Behavior\BuildLiteBehavior [ RunTime:0.000000s ]
INFO: [ app_init ] --END-- [ RunTime:0.000000s ]

[ 2015-09-29T07:32:26+08:00 ] 127.0.0.1 /img/placeholders/avatars/avatar3.jpg
INFO: [ app_init ] --START--
INFO: Run Behavior\BuildLiteBehavior [ RunTime:0.000000s ]
INFO: [ app_init ] --END-- [ RunTime:0.001000s ]

[ 2015-09-29T07:32:26+08:00 ] 127.0.0.1 /img/placeholders/avatars/avatar13.jpg
INFO: [ app_init ] --START--
INFO: Run Behavior\BuildLiteBehavior [ RunTime:0.000000s ]
INFO: [ app_init ] --END-- [ RunTime:0.002000s ]

[ 2015-09-29T07:32:27+08:00 ] 127.0.0.1 /img/placeholders/avatars/avatar5.jpg
INFO: [ app_init ] --START--
INFO: Run Behavior\BuildLiteBehavior [ RunTime:0.000000s ]
INFO: [ app_init ] --END-- [ RunTime:0.001000s ]

[ 2015-09-29T07:32:27+08:00 ] 127.0.0.1 /img/placeholders/avatars/avatar12.jpg
INFO: [ app_init ] --START--
INFO: Run Behavior\BuildLiteBehavior [ RunTime:0.000000s ]
INFO: [ app_init ] --END-- [ RunTime:0.001000s ]

[ 2015-09-29T07:32:55+08:00 ] 127.0.0.1 /img/placeholders/avatars/avatar12.jpg
INFO: [ app_init ] --START--
INFO: Run Behavior\BuildLiteBehavior [ RunTime:0.000000s ]
INFO: [ app_init ] --END-- [ RunTime:0.000000s ]

[ 2015-09-29T07:32:55+08:00 ] 127.0.0.1 /img/placeholders/avatars/avatar15.jpg
INFO: [ app_init ] --START--
INFO: Run Behavior\BuildLiteBehavior [ RunTime:0.000000s ]
INFO: [ app_init ] --END-- [ RunTime:0.001000s ]

[ 2015-09-29T07:32:55+08:00 ] 127.0.0.1 /img/placeholders/avatars/avatar10.jpg
INFO: [ app_init ] --START--
INFO: Run Behavior\BuildLiteBehavior [ RunTime:0.000000s ]
INFO: [ app_init ] --END-- [ RunTime:0.001000s ]

[ 2015-09-29T07:32:55+08:00 ] 127.0.0.1 /img/placeholders/avatars/avatar4.jpg
INFO: [ app_init ] --START--
INFO: Run Behavior\BuildLiteBehavior [ RunTime:0.000000s ]
INFO: [ app_init ] --END-- [ RunTime:0.001001s ]

[ 2015-09-29T07:32:55+08:00 ] 127.0.0.1 /img/placeholders/avatars/avatar7.jpg
INFO: [ app_init ] --START--
INFO: Run Behavior\BuildLiteBehavior [ RunTime:0.000000s ]
INFO: [ app_init ] --END-- [ RunTime:0.001000s ]

[ 2015-09-29T07:32:55+08:00 ] 127.0.0.1 /img/placeholders/avatars/avatar9.jpg
INFO: [ app_init ] --START--
INFO: Run Behavior\BuildLiteBehavior [ RunTime:0.000000s ]
INFO: [ app_init ] --END-- [ RunTime:0.001000s ]

[ 2015-09-29T07:32:55+08:00 ] 127.0.0.1 /img/placeholders/avatars/avatar16.jpg
INFO: [ app_init ] --START--
INFO: Run Behavior\BuildLiteBehavior [ RunTime:0.000000s ]
INFO: [ app_init ] --END-- [ RunTime:0.001000s ]

[ 2015-09-29T07:32:55+08:00 ] 127.0.0.1 /img/placeholders/avatars/avatar1.jpg
INFO: [ app_init ] --START--
INFO: Run Behavior\BuildLiteBehavior [ RunTime:0.000000s ]
INFO: [ app_init ] --END-- [ RunTime:0.000000s ]

[ 2015-09-29T07:32:55+08:00 ] 127.0.0.1 /img/placeholders/avatars/avatar3.jpg
INFO: [ app_init ] --START--
INFO: Run Behavior\BuildLiteBehavior [ RunTime:0.000000s ]
INFO: [ app_init ] --END-- [ RunTime:0.001000s ]

[ 2015-09-29T07:32:55+08:00 ] 127.0.0.1 /img/placeholders/avatars/avatar13.jpg
INFO: [ app_init ] --START--
INFO: Run Behavior\BuildLiteBehavior [ RunTime:0.000000s ]
INFO: [ app_init ] --END-- [ RunTime:0.001000s ]

[ 2015-09-29T07:32:55+08:00 ] 127.0.0.1 /img/placeholders/avatars/avatar5.jpg
INFO: [ app_init ] --START--
INFO: Run Behavior\BuildLiteBehavior [ RunTime:0.000000s ]
INFO: [ app_init ] --END-- [ RunTime:0.001000s ]

[ 2015-09-29T07:32:55+08:00 ] 127.0.0.1 /img/placeholders/avatars/avatar2.jpg
INFO: [ app_init ] --START--
INFO: Run Behavior\BuildLiteBehavior [ RunTime:0.000000s ]
INFO: [ app_init ] --END-- [ RunTime:0.001000s ]

[ 2015-09-29T07:32:55+08:00 ] 127.0.0.1 /img/placeholders/avatars/avatar12.jpg
INFO: [ app_init ] --START--
INFO: Run Behavior\BuildLiteBehavior [ RunTime:0.001000s ]
INFO: [ app_init ] --END-- [ RunTime:0.001000s ]

[ 2015-09-29T07:32:55+08:00 ] 127.0.0.1 /img/placeholders/avatars/avatar15.jpg
INFO: [ app_init ] --START--
INFO: Run Behavior\BuildLiteBehavior [ RunTime:0.000000s ]
INFO: [ app_init ] --END-- [ RunTime:0.000000s ]

[ 2015-09-29T07:32:55+08:00 ] 127.0.0.1 /img/placeholders/avatars/avatar10.jpg
INFO: [ app_init ] --START--
INFO: Run Behavior\BuildLiteBehavior [ RunTime:0.000000s ]
INFO: [ app_init ] --END-- [ RunTime:0.001000s ]

[ 2015-09-29T07:32:55+08:00 ] 127.0.0.1 /img/placeholders/avatars/avatar4.jpg
INFO: [ app_init ] --START--
INFO: Run Behavior\BuildLiteBehavior [ RunTime:0.000000s ]
INFO: [ app_init ] --END-- [ RunTime:0.000000s ]

[ 2015-09-29T07:32:55+08:00 ] 127.0.0.1 /img/placeholders/avatars/avatar7.jpg
INFO: [ app_init ] --START--
INFO: Run Behavior\BuildLiteBehavior [ RunTime:0.000000s ]
INFO: [ app_init ] --END-- [ RunTime:0.001000s ]

[ 2015-09-29T07:33:02+08:00 ] 127.0.0.1 /img/placeholders/avatars/avatar12.jpg
INFO: [ app_init ] --START--
INFO: Run Behavior\BuildLiteBehavior [ RunTime:0.000000s ]
INFO: [ app_init ] --END-- [ RunTime:0.000000s ]

[ 2015-09-29T07:33:02+08:00 ] 127.0.0.1 /img/placeholders/avatars/avatar15.jpg
INFO: [ app_init ] --START--
INFO: Run Behavior\BuildLiteBehavior [ RunTime:0.000000s ]
INFO: [ app_init ] --END-- [ RunTime:0.001001s ]

[ 2015-09-29T07:33:02+08:00 ] 127.0.0.1 /img/placeholders/avatars/avatar10.jpg
INFO: [ app_init ] --START--
INFO: Run Behavior\BuildLiteBehavior [ RunTime:0.000000s ]
INFO: [ app_init ] --END-- [ RunTime:0.001000s ]

[ 2015-09-29T07:33:02+08:00 ] 127.0.0.1 /img/placeholders/avatars/avatar4.jpg
INFO: [ app_init ] --START--
INFO: Run Behavior\BuildLiteBehavior [ RunTime:0.000000s ]
INFO: [ app_init ] --END-- [ RunTime:0.001000s ]

[ 2015-09-29T07:33:02+08:00 ] 127.0.0.1 /img/placeholders/avatars/avatar7.jpg
INFO: [ app_init ] --START--
INFO: Run Behavior\BuildLiteBehavior [ RunTime:0.000000s ]
INFO: [ app_init ] --END-- [ RunTime:0.001000s ]

[ 2015-09-29T07:33:02+08:00 ] 127.0.0.1 /img/placeholders/avatars/avatar9.jpg
INFO: [ app_init ] --START--
INFO: Run Behavior\BuildLiteBehavior [ RunTime:0.000000s ]
INFO: [ app_init ] --END-- [ RunTime:0.001000s ]

[ 2015-09-29T07:33:02+08:00 ] 127.0.0.1 /img/placeholders/avatars/avatar16.jpg
INFO: [ app_init ] --START--
INFO: Run Behavior\BuildLiteBehavior [ RunTime:0.000000s ]
INFO: [ app_init ] --END-- [ RunTime:0.001000s ]

[ 2015-09-29T07:33:02+08:00 ] 127.0.0.1 /img/placeholders/avatars/avatar1.jpg
INFO: [ app_init ] --START--
INFO: Run Behavior\BuildLiteBehavior [ RunTime:0.000000s ]
INFO: [ app_init ] --END-- [ RunTime:0.001000s ]

[ 2015-09-29T07:33:02+08:00 ] 127.0.0.1 /img/placeholders/avatars/avatar3.jpg
INFO: [ app_init ] --START--
INFO: Run Behavior\BuildLiteBehavior [ RunTime:0.000000s ]
INFO: [ app_init ] --END-- [ RunTime:0.001000s ]

[ 2015-09-29T07:33:02+08:00 ] 127.0.0.1 /img/placeholders/avatars/avatar13.jpg
INFO: [ app_init ] --START--
INFO: Run Behavior\BuildLiteBehavior [ RunTime:0.000000s ]
INFO: [ app_init ] --END-- [ RunTime:0.001000s ]

[ 2015-09-29T07:33:02+08:00 ] 127.0.0.1 /img/placeholders/avatars/avatar5.jpg
INFO: [ app_init ] --START--
INFO: Run Behavior\BuildLiteBehavior [ RunTime:0.000000s ]
INFO: [ app_init ] --END-- [ RunTime:0.001000s ]

[ 2015-09-29T07:33:02+08:00 ] 127.0.0.1 /img/placeholders/avatars/avatar2.jpg
INFO: [ app_init ] --START--
INFO: Run Behavior\BuildLiteBehavior [ RunTime:0.000000s ]
INFO: [ app_init ] --END-- [ RunTime:0.002001s ]

[ 2015-09-29T07:33:02+08:00 ] 127.0.0.1 /img/placeholders/avatars/avatar12.jpg
INFO: [ app_init ] --START--
INFO: Run Behavior\BuildLiteBehavior [ RunTime:0.000000s ]
INFO: [ app_init ] --END-- [ RunTime:0.001000s ]

[ 2015-09-29T07:33:02+08:00 ] 127.0.0.1 /img/placeholders/avatars/avatar15.jpg
INFO: [ app_init ] --START--
INFO: Run Behavior\BuildLiteBehavior [ RunTime:0.000000s ]
INFO: [ app_init ] --END-- [ RunTime:0.001000s ]

[ 2015-09-29T07:33:02+08:00 ] 127.0.0.1 /img/placeholders/avatars/avatar10.jpg
INFO: [ app_init ] --START--
INFO: Run Behavior\BuildLiteBehavior [ RunTime:0.000000s ]
INFO: [ app_init ] --END-- [ RunTime:0.001000s ]

[ 2015-09-29T07:33:02+08:00 ] 127.0.0.1 /img/placeholders/avatars/avatar4.jpg
INFO: [ app_init ] --START--
INFO: Run Behavior\BuildLiteBehavior [ RunTime:0.001000s ]
INFO: [ app_init ] --END-- [ RunTime:0.001000s ]

[ 2015-09-29T07:33:02+08:00 ] 127.0.0.1 /img/placeholders/avatars/avatar7.jpg
INFO: [ app_init ] --START--
INFO: Run Behavior\BuildLiteBehavior [ RunTime:0.000000s ]
INFO: [ app_init ] --END-- [ RunTime:0.001000s ]

[ 2015-09-29T07:33:02+08:00 ] 127.0.0.1 /img/placeholders/avatars/avatar9.jpg
INFO: [ app_init ] --START--
INFO: Run Behavior\BuildLiteBehavior [ RunTime:0.000000s ]
INFO: [ app_init ] --END-- [ RunTime:0.001000s ]

[ 2015-09-29T07:33:49+08:00 ] 127.0.0.1 /img/placeholders/avatars/avatar12.jpg
INFO: [ app_init ] --START--
INFO: Run Behavior\BuildLiteBehavior [ RunTime:0.000000s ]
INFO: [ app_init ] --END-- [ RunTime:0.001001s ]

[ 2015-09-29T07:33:49+08:00 ] 127.0.0.1 /img/placeholders/avatars/avatar15.jpg
INFO: [ app_init ] --START--
INFO: Run Behavior\BuildLiteBehavior [ RunTime:0.000000s ]
INFO: [ app_init ] --END-- [ RunTime:0.001000s ]

[ 2015-09-29T07:33:49+08:00 ] 127.0.0.1 /img/placeholders/avatars/avatar10.jpg
INFO: [ app_init ] --START--
INFO: Run Behavior\BuildLiteBehavior [ RunTime:0.000000s ]
INFO: [ app_init ] --END-- [ RunTime:0.001000s ]

[ 2015-09-29T07:33:49+08:00 ] 127.0.0.1 /img/placeholders/avatars/avatar4.jpg
INFO: [ app_init ] --START--
INFO: Run Behavior\BuildLiteBehavior [ RunTime:0.000000s ]
INFO: [ app_init ] --END-- [ RunTime:0.001000s ]

[ 2015-09-29T07:33:49+08:00 ] 127.0.0.1 /img/placeholders/avatars/avatar7.jpg
INFO: [ app_init ] --START--
INFO: Run Behavior\BuildLiteBehavior [ RunTime:0.000000s ]
INFO: [ app_init ] --END-- [ RunTime:0.001001s ]

[ 2015-09-29T07:33:49+08:00 ] 127.0.0.1 /img/placeholders/avatars/avatar9.jpg
INFO: [ app_init ] --START--
INFO: Run Behavior\BuildLiteBehavior [ RunTime:0.000000s ]
INFO: [ app_init ] --END-- [ RunTime:0.001000s ]

[ 2015-09-29T07:33:49+08:00 ] 127.0.0.1 /img/placeholders/avatars/avatar16.jpg
INFO: [ app_init ] --START--
INFO: Run Behavior\BuildLiteBehavior [ RunTime:0.000000s ]
INFO: [ app_init ] --END-- [ RunTime:0.001001s ]

[ 2015-09-29T07:33:49+08:00 ] 127.0.0.1 /img/placeholders/avatars/avatar1.jpg
INFO: [ app_init ] --START--
INFO: Run Behavior\BuildLiteBehavior [ RunTime:0.000000s ]
INFO: [ app_init ] --END-- [ RunTime:0.000000s ]

[ 2015-09-29T07:33:49+08:00 ] 127.0.0.1 /img/placeholders/avatars/avatar3.jpg
INFO: [ app_init ] --START--
INFO: Run Behavior\BuildLiteBehavior [ RunTime:0.000000s ]
INFO: [ app_init ] --END-- [ RunTime:0.001000s ]

[ 2015-09-29T07:33:49+08:00 ] 127.0.0.1 /img/placeholders/avatars/avatar13.jpg
INFO: [ app_init ] --START--
INFO: Run Behavior\BuildLiteBehavior [ RunTime:0.000000s ]
INFO: [ app_init ] --END-- [ RunTime:0.001000s ]

[ 2015-09-29T07:33:49+08:00 ] 127.0.0.1 /img/placeholders/avatars/avatar5.jpg
INFO: [ app_init ] --START--
INFO: Run Behavior\BuildLiteBehavior [ RunTime:0.000000s ]
INFO: [ app_init ] --END-- [ RunTime:0.001000s ]

[ 2015-09-29T07:33:49+08:00 ] 127.0.0.1 /img/placeholders/avatars/avatar2.jpg
INFO: [ app_init ] --START--
INFO: Run Behavior\BuildLiteBehavior [ RunTime:0.000000s ]
INFO: [ app_init ] --END-- [ RunTime:0.001000s ]

[ 2015-09-29T07:33:49+08:00 ] 127.0.0.1 /img/placeholders/avatars/avatar12.jpg
INFO: [ app_init ] --START--
INFO: Run Behavior\BuildLiteBehavior [ RunTime:0.000000s ]
INFO: [ app_init ] --END-- [ RunTime:0.000000s ]

[ 2015-09-29T07:33:49+08:00 ] 127.0.0.1 /img/placeholders/avatars/avatar15.jpg
INFO: [ app_init ] --START--
INFO: Run Behavior\BuildLiteBehavior [ RunTime:0.000000s ]
INFO: [ app_init ] --END-- [ RunTime:0.002000s ]

[ 2015-09-29T07:33:49+08:00 ] 127.0.0.1 /img/placeholders/avatars/avatar10.jpg
INFO: [ app_init ] --START--
INFO: Run Behavior\BuildLiteBehavior [ RunTime:0.000000s ]
INFO: [ app_init ] --END-- [ RunTime:0.000000s ]

[ 2015-09-29T07:33:49+08:00 ] 127.0.0.1 /img/placeholders/avatars/avatar4.jpg
INFO: [ app_init ] --START--
INFO: Run Behavior\BuildLiteBehavior [ RunTime:0.000000s ]
INFO: [ app_init ] --END-- [ RunTime:0.000000s ]

[ 2015-09-29T07:33:49+08:00 ] 127.0.0.1 /img/placeholders/avatars/avatar7.jpg
INFO: [ app_init ] --START--
INFO: Run Behavior\BuildLiteBehavior [ RunTime:0.000000s ]
INFO: [ app_init ] --END-- [ RunTime:0.000000s ]

[ 2015-09-29T07:33:49+08:00 ] 127.0.0.1 /img/placeholders/avatars/avatar9.jpg
INFO: [ app_init ] --START--
INFO: Run Behavior\BuildLiteBehavior [ RunTime:0.000000s ]
INFO: [ app_init ] --END-- [ RunTime:0.001000s ]

[ 2015-09-29T07:34:26+08:00 ] 127.0.0.1 /img/placeholders/avatars/avatar12.jpg
INFO: [ app_init ] --START--
INFO: Run Behavior\BuildLiteBehavior [ RunTime:0.000000s ]
INFO: [ app_init ] --END-- [ RunTime:0.001000s ]

[ 2015-09-29T07:34:26+08:00 ] 127.0.0.1 /img/placeholders/avatars/avatar15.jpg
INFO: [ app_init ] --START--
INFO: Run Behavior\BuildLiteBehavior [ RunTime:0.000000s ]
INFO: [ app_init ] --END-- [ RunTime:0.001000s ]

[ 2015-09-29T07:34:26+08:00 ] 127.0.0.1 /img/placeholders/avatars/avatar10.jpg
INFO: [ app_init ] --START--
INFO: Run Behavior\BuildLiteBehavior [ RunTime:0.000000s ]
INFO: [ app_init ] --END-- [ RunTime:0.001000s ]

[ 2015-09-29T07:34:26+08:00 ] 127.0.0.1 /img/placeholders/avatars/avatar4.jpg
INFO: [ app_init ] --START--
INFO: Run Behavior\BuildLiteBehavior [ RunTime:0.000000s ]
INFO: [ app_init ] --END-- [ RunTime:0.000000s ]

[ 2015-09-29T07:34:26+08:00 ] 127.0.0.1 /img/placeholders/avatars/avatar7.jpg
INFO: [ app_init ] --START--
INFO: Run Behavior\BuildLiteBehavior [ RunTime:0.000000s ]
INFO: [ app_init ] --END-- [ RunTime:0.000000s ]

[ 2015-09-29T07:34:26+08:00 ] 127.0.0.1 /img/placeholders/avatars/avatar9.jpg
INFO: [ app_init ] --START--
INFO: Run Behavior\BuildLiteBehavior [ RunTime:0.000000s ]
INFO: [ app_init ] --END-- [ RunTime:0.000000s ]

[ 2015-09-29T07:34:26+08:00 ] 127.0.0.1 /img/placeholders/avatars/avatar16.jpg
INFO: [ app_init ] --START--
INFO: Run Behavior\BuildLiteBehavior [ RunTime:0.000000s ]
INFO: [ app_init ] --END-- [ RunTime:0.000000s ]

[ 2015-09-29T07:34:26+08:00 ] 127.0.0.1 /img/placeholders/avatars/avatar1.jpg
INFO: [ app_init ] --START--
INFO: Run Behavior\BuildLiteBehavior [ RunTime:0.000000s ]
INFO: [ app_init ] --END-- [ RunTime:0.000000s ]

[ 2015-09-29T07:34:26+08:00 ] 127.0.0.1 /img/placeholders/avatars/avatar3.jpg
INFO: [ app_init ] --START--
INFO: Run Behavior\BuildLiteBehavior [ RunTime:0.001000s ]
INFO: [ app_init ] --END-- [ RunTime:0.006000s ]

[ 2015-09-29T07:34:26+08:00 ] 127.0.0.1 /img/placeholders/avatars/avatar13.jpg
INFO: [ app_init ] --START--
INFO: Run Behavior\BuildLiteBehavior [ RunTime:0.000000s ]
INFO: [ app_init ] --END-- [ RunTime:0.000000s ]

[ 2015-09-29T07:34:26+08:00 ] 127.0.0.1 /img/placeholders/avatars/avatar5.jpg
INFO: [ app_init ] --START--
INFO: Run Behavior\BuildLiteBehavior [ RunTime:0.000000s ]
INFO: [ app_init ] --END-- [ RunTime:0.001000s ]

[ 2015-09-29T07:34:26+08:00 ] 127.0.0.1 /img/placeholders/avatars/avatar2.jpg
INFO: [ app_init ] --START--
INFO: Run Behavior\BuildLiteBehavior [ RunTime:0.000000s ]
INFO: [ app_init ] --END-- [ RunTime:0.001000s ]

[ 2015-09-29T07:34:26+08:00 ] 127.0.0.1 /img/placeholders/avatars/avatar12.jpg
INFO: [ app_init ] --START--
INFO: Run Behavior\BuildLiteBehavior [ RunTime:0.000000s ]
INFO: [ app_init ] --END-- [ RunTime:0.001000s ]

[ 2015-09-29T07:34:26+08:00 ] 127.0.0.1 /img/placeholders/avatars/avatar15.jpg
INFO: [ app_init ] --START--
INFO: Run Behavior\BuildLiteBehavior [ RunTime:0.000000s ]
INFO: [ app_init ] --END-- [ RunTime:0.001000s ]

[ 2015-09-29T07:34:26+08:00 ] 127.0.0.1 /img/placeholders/avatars/avatar10.jpg
INFO: [ app_init ] --START--
INFO: Run Behavior\BuildLiteBehavior [ RunTime:0.000000s ]
INFO: [ app_init ] --END-- [ RunTime:0.000000s ]

[ 2015-09-29T07:34:26+08:00 ] 127.0.0.1 /img/placeholders/avatars/avatar4.jpg
INFO: [ app_init ] --START--
INFO: Run Behavior\BuildLiteBehavior [ RunTime:0.000000s ]
INFO: [ app_init ] --END-- [ RunTime:0.000000s ]

[ 2015-09-29T07:35:40+08:00 ] 127.0.0.1 /img/placeholders/avatars/avatar12.jpg
INFO: [ app_init ] --START--
INFO: Run Behavior\BuildLiteBehavior [ RunTime:0.000000s ]
INFO: [ app_init ] --END-- [ RunTime:0.002000s ]

[ 2015-09-29T07:35:40+08:00 ] 127.0.0.1 /img/placeholders/avatars/avatar15.jpg
INFO: [ app_init ] --START--
INFO: Run Behavior\BuildLiteBehavior [ RunTime:0.000000s ]
INFO: [ app_init ] --END-- [ RunTime:0.003000s ]

[ 2015-09-29T07:35:40+08:00 ] 127.0.0.1 /img/placeholders/avatars/avatar10.jpg
INFO: [ app_init ] --START--
INFO: Run Behavior\BuildLiteBehavior [ RunTime:0.000000s ]
INFO: [ app_init ] --END-- [ RunTime:0.001000s ]

[ 2015-09-29T07:35:40+08:00 ] 127.0.0.1 /img/placeholders/avatars/avatar4.jpg
INFO: [ app_init ] --START--
INFO: Run Behavior\BuildLiteBehavior [ RunTime:0.000000s ]
INFO: [ app_init ] --END-- [ RunTime:0.001000s ]

[ 2015-09-29T07:35:40+08:00 ] 127.0.0.1 /img/placeholders/avatars/avatar7.jpg
INFO: [ app_init ] --START--
INFO: Run Behavior\BuildLiteBehavior [ RunTime:0.000000s ]
INFO: [ app_init ] --END-- [ RunTime:0.000000s ]

[ 2015-09-29T07:35:40+08:00 ] 127.0.0.1 /img/placeholders/avatars/avatar9.jpg
INFO: [ app_init ] --START--
INFO: Run Behavior\BuildLiteBehavior [ RunTime:0.000000s ]
INFO: [ app_init ] --END-- [ RunTime:0.001000s ]

[ 2015-09-29T07:35:41+08:00 ] 127.0.0.1 /img/placeholders/avatars/avatar16.jpg
INFO: [ app_init ] --START--
INFO: Run Behavior\BuildLiteBehavior [ RunTime:0.000000s ]
INFO: [ app_init ] --END-- [ RunTime:0.001000s ]

[ 2015-09-29T07:35:41+08:00 ] 127.0.0.1 /img/placeholders/avatars/avatar1.jpg
INFO: [ app_init ] --START--
INFO: Run Behavior\BuildLiteBehavior [ RunTime:0.000000s ]
INFO: [ app_init ] --END-- [ RunTime:0.002000s ]

[ 2015-09-29T07:35:41+08:00 ] 127.0.0.1 /img/placeholders/avatars/avatar3.jpg
INFO: [ app_init ] --START--
INFO: Run Behavior\BuildLiteBehavior [ RunTime:0.000000s ]
INFO: [ app_init ] --END-- [ RunTime:0.001000s ]

[ 2015-09-29T07:35:41+08:00 ] 127.0.0.1 /img/placeholders/avatars/avatar13.jpg
INFO: [ app_init ] --START--
INFO: Run Behavior\BuildLiteBehavior [ RunTime:0.000000s ]
INFO: [ app_init ] --END-- [ RunTime:0.000000s ]

[ 2015-09-29T07:35:41+08:00 ] 127.0.0.1 /img/placeholders/avatars/avatar5.jpg
INFO: [ app_init ] --START--
INFO: Run Behavior\BuildLiteBehavior [ RunTime:0.001000s ]
INFO: [ app_init ] --END-- [ RunTime:0.001000s ]

[ 2015-09-29T07:35:41+08:00 ] 127.0.0.1 /img/placeholders/avatars/avatar2.jpg
INFO: [ app_init ] --START--
INFO: Run Behavior\BuildLiteBehavior [ RunTime:0.000000s ]
INFO: [ app_init ] --END-- [ RunTime:0.001000s ]

[ 2015-09-29T07:35:41+08:00 ] 127.0.0.1 /img/placeholders/avatars/avatar12.jpg
INFO: [ app_init ] --START--
INFO: Run Behavior\BuildLiteBehavior [ RunTime:0.000000s ]
INFO: [ app_init ] --END-- [ RunTime:0.000000s ]

[ 2015-09-29T07:35:41+08:00 ] 127.0.0.1 /img/placeholders/avatars/avatar15.jpg
INFO: [ app_init ] --START--
INFO: Run Behavior\BuildLiteBehavior [ RunTime:0.000000s ]
INFO: [ app_init ] --END-- [ RunTime:0.001001s ]

[ 2015-09-29T07:35:41+08:00 ] 127.0.0.1 /img/placeholders/avatars/avatar10.jpg
INFO: [ app_init ] --START--
INFO: Run Behavior\BuildLiteBehavior [ RunTime:0.000000s ]
INFO: [ app_init ] --END-- [ RunTime:0.000000s ]

[ 2015-09-29T07:35:41+08:00 ] 127.0.0.1 /img/placeholders/avatars/avatar7.jpg
INFO: [ app_init ] --START--
INFO: Run Behavior\BuildLiteBehavior [ RunTime:0.001000s ]
INFO: [ app_init ] --END-- [ RunTime:0.001000s ]

[ 2015-09-29T07:35:41+08:00 ] 127.0.0.1 /img/placeholders/avatars/avatar4.jpg
INFO: [ app_init ] --START--
INFO: Run Behavior\BuildLiteBehavior [ RunTime:0.000000s ]
INFO: [ app_init ] --END-- [ RunTime:0.000000s ]

[ 2015-09-29T07:35:41+08:00 ] 127.0.0.1 /img/placeholders/avatars/avatar9.jpg
INFO: [ app_init ] --START--
INFO: Run Behavior\BuildLiteBehavior [ RunTime:0.000000s ]
INFO: [ app_init ] --END-- [ RunTime:0.000000s ]

[ 2015-09-29T07:35:41+08:00 ] 127.0.0.1 /img/placeholders/avatars/avatar2.jpg
INFO: [ app_init ] --START--
INFO: Run Behavior\BuildLiteBehavior [ RunTime:0.001000s ]
INFO: [ app_init ] --END-- [ RunTime:0.001000s ]

[ 2015-09-29T07:35:41+08:00 ] 127.0.0.1 /img/placeholders/avatars/avatar16.jpg
INFO: [ app_init ] --START--
INFO: Run Behavior\BuildLiteBehavior [ RunTime:0.000000s ]
INFO: [ app_init ] --END-- [ RunTime:0.002001s ]

[ 2015-09-29T07:35:41+08:00 ] 127.0.0.1 /img/placeholders/avatars/avatar1.jpg
INFO: [ app_init ] --START--
INFO: Run Behavior\BuildLiteBehavior [ RunTime:0.000000s ]
INFO: [ app_init ] --END-- [ RunTime:0.001000s ]

[ 2015-09-29T07:35:41+08:00 ] 127.0.0.1 /img/placeholders/avatars/avatar3.jpg
INFO: [ app_init ] --START--
INFO: Run Behavior\BuildLiteBehavior [ RunTime:0.000000s ]
INFO: [ app_init ] --END-- [ RunTime:0.001000s ]

[ 2015-09-29T07:35:41+08:00 ] 127.0.0.1 /img/placeholders/avatars/avatar13.jpg
INFO: [ app_init ] --START--
INFO: Run Behavior\BuildLiteBehavior [ RunTime:0.000000s ]
INFO: [ app_init ] --END-- [ RunTime:0.000000s ]

[ 2015-09-29T07:35:41+08:00 ] 127.0.0.1 /img/placeholders/avatars/avatar5.jpg
INFO: [ app_init ] --START--
INFO: Run Behavior\BuildLiteBehavior [ RunTime:0.000000s ]
INFO: [ app_init ] --END-- [ RunTime:0.000000s ]

[ 2015-09-29T07:37:23+08:00 ] 127.0.0.1 /img/placeholders/avatars/avatar12.jpg
INFO: [ app_init ] --START--
INFO: Run Behavior\BuildLiteBehavior [ RunTime:0.000000s ]
INFO: [ app_init ] --END-- [ RunTime:0.000000s ]

[ 2015-09-29T07:37:23+08:00 ] 127.0.0.1 /img/placeholders/avatars/avatar15.jpg
INFO: [ app_init ] --START--
INFO: Run Behavior\BuildLiteBehavior [ RunTime:0.000000s ]
INFO: [ app_init ] --END-- [ RunTime:0.000000s ]

[ 2015-09-29T07:37:23+08:00 ] 127.0.0.1 /img/placeholders/avatars/avatar10.jpg
INFO: [ app_init ] --START--
INFO: Run Behavior\BuildLiteBehavior [ RunTime:0.000000s ]
INFO: [ app_init ] --END-- [ RunTime:0.007000s ]

[ 2015-09-29T07:37:23+08:00 ] 127.0.0.1 /img/placeholders/avatars/avatar4.jpg
INFO: [ app_init ] --START--
INFO: Run Behavior\BuildLiteBehavior [ RunTime:0.000000s ]
INFO: [ app_init ] --END-- [ RunTime:0.001000s ]

[ 2015-09-29T07:37:23+08:00 ] 127.0.0.1 /img/placeholders/avatars/avatar7.jpg
INFO: [ app_init ] --START--
INFO: Run Behavior\BuildLiteBehavior [ RunTime:0.000000s ]
INFO: [ app_init ] --END-- [ RunTime:0.001000s ]

[ 2015-09-29T07:37:23+08:00 ] 127.0.0.1 /img/placeholders/avatars/avatar9.jpg
INFO: [ app_init ] --START--
INFO: Run Behavior\BuildLiteBehavior [ RunTime:0.000000s ]
INFO: [ app_init ] --END-- [ RunTime:0.001000s ]

[ 2015-09-29T07:37:23+08:00 ] 127.0.0.1 /img/placeholders/avatars/avatar16.jpg
INFO: [ app_init ] --START--
INFO: Run Behavior\BuildLiteBehavior [ RunTime:0.000000s ]
INFO: [ app_init ] --END-- [ RunTime:0.001000s ]

[ 2015-09-29T07:37:23+08:00 ] 127.0.0.1 /img/placeholders/avatars/avatar1.jpg
INFO: [ app_init ] --START--
INFO: Run Behavior\BuildLiteBehavior [ RunTime:0.000000s ]
INFO: [ app_init ] --END-- [ RunTime:0.001000s ]

[ 2015-09-29T07:37:23+08:00 ] 127.0.0.1 /img/placeholders/avatars/avatar3.jpg
INFO: [ app_init ] --START--
INFO: Run Behavior\BuildLiteBehavior [ RunTime:0.000000s ]
INFO: [ app_init ] --END-- [ RunTime:0.001001s ]

[ 2015-09-29T07:37:23+08:00 ] 127.0.0.1 /img/placeholders/avatars/avatar13.jpg
INFO: [ app_init ] --START--
INFO: Run Behavior\BuildLiteBehavior [ RunTime:0.000000s ]
INFO: [ app_init ] --END-- [ RunTime:0.001001s ]

[ 2015-09-29T07:37:23+08:00 ] 127.0.0.1 /img/placeholders/avatars/avatar5.jpg
INFO: [ app_init ] --START--
INFO: Run Behavior\BuildLiteBehavior [ RunTime:0.000000s ]
INFO: [ app_init ] --END-- [ RunTime:0.001000s ]

[ 2015-09-29T07:37:23+08:00 ] 127.0.0.1 /img/placeholders/avatars/avatar12.jpg
INFO: [ app_init ] --START--
INFO: Run Behavior\BuildLiteBehavior [ RunTime:0.000000s ]
INFO: [ app_init ] --END-- [ RunTime:0.001000s ]

[ 2015-09-29T07:37:23+08:00 ] 127.0.0.1 /img/placeholders/avatars/avatar15.jpg
INFO: [ app_init ] --START--
INFO: Run Behavior\BuildLiteBehavior [ RunTime:0.000000s ]
INFO: [ app_init ] --END-- [ RunTime:0.002000s ]

[ 2015-09-29T07:37:23+08:00 ] 127.0.0.1 /img/placeholders/avatars/avatar10.jpg
INFO: [ app_init ] --START--
INFO: Run Behavior\BuildLiteBehavior [ RunTime:0.000000s ]
INFO: [ app_init ] --END-- [ RunTime:0.001000s ]

[ 2015-09-29T07:37:23+08:00 ] 127.0.0.1 /img/placeholders/avatars/avatar4.jpg
INFO: [ app_init ] --START--
INFO: Run Behavior\BuildLiteBehavior [ RunTime:0.001000s ]
INFO: [ app_init ] --END-- [ RunTime:0.001000s ]

[ 2015-09-29T07:37:23+08:00 ] 127.0.0.1 /img/placeholders/avatars/avatar7.jpg
INFO: [ app_init ] --START--
INFO: Run Behavior\BuildLiteBehavior [ RunTime:0.000000s ]
INFO: [ app_init ] --END-- [ RunTime:0.001000s ]

[ 2015-09-29T07:37:23+08:00 ] 127.0.0.1 /img/placeholders/avatars/avatar9.jpg
INFO: [ app_init ] --START--
INFO: Run Behavior\BuildLiteBehavior [ RunTime:0.000000s ]
INFO: [ app_init ] --END-- [ RunTime:0.001000s ]

[ 2015-09-29T07:37:23+08:00 ] 127.0.0.1 /img/placeholders/avatars/avatar16.jpg
INFO: [ app_init ] --START--
INFO: Run Behavior\BuildLiteBehavior [ RunTime:0.000000s ]
INFO: [ app_init ] --END-- [ RunTime:0.001000s ]

[ 2015-09-29T07:38:31+08:00 ] 127.0.0.1 /img/placeholders/avatars/avatar12.jpg
INFO: [ app_init ] --START--
INFO: Run Behavior\BuildLiteBehavior [ RunTime:0.000000s ]
INFO: [ app_init ] --END-- [ RunTime:0.000000s ]

[ 2015-09-29T07:38:31+08:00 ] 127.0.0.1 /img/placeholders/avatars/avatar15.jpg
INFO: [ app_init ] --START--
INFO: Run Behavior\BuildLiteBehavior [ RunTime:0.000000s ]
INFO: [ app_init ] --END-- [ RunTime:0.001000s ]

[ 2015-09-29T07:38:31+08:00 ] 127.0.0.1 /img/placeholders/avatars/avatar10.jpg
INFO: [ app_init ] --START--
INFO: Run Behavior\BuildLiteBehavior [ RunTime:0.000000s ]
INFO: [ app_init ] --END-- [ RunTime:0.001000s ]

[ 2015-09-29T07:38:31+08:00 ] 127.0.0.1 /img/placeholders/avatars/avatar4.jpg
INFO: [ app_init ] --START--
INFO: Run Behavior\BuildLiteBehavior [ RunTime:0.000000s ]
INFO: [ app_init ] --END-- [ RunTime:0.000000s ]

[ 2015-09-29T07:38:31+08:00 ] 127.0.0.1 /img/placeholders/avatars/avatar7.jpg
INFO: [ app_init ] --START--
INFO: Run Behavior\BuildLiteBehavior [ RunTime:0.000000s ]
INFO: [ app_init ] --END-- [ RunTime:0.000000s ]

[ 2015-09-29T07:38:31+08:00 ] 127.0.0.1 /img/placeholders/avatars/avatar9.jpg
INFO: [ app_init ] --START--
INFO: Run Behavior\BuildLiteBehavior [ RunTime:0.000000s ]
INFO: [ app_init ] --END-- [ RunTime:0.001001s ]

[ 2015-09-29T07:38:31+08:00 ] 127.0.0.1 /img/placeholders/avatars/avatar16.jpg
INFO: [ app_init ] --START--
INFO: Run Behavior\BuildLiteBehavior [ RunTime:0.000000s ]
INFO: [ app_init ] --END-- [ RunTime:0.001000s ]

[ 2015-09-29T07:38:31+08:00 ] 127.0.0.1 /img/placeholders/avatars/avatar1.jpg
INFO: [ app_init ] --START--
INFO: Run Behavior\BuildLiteBehavior [ RunTime:0.000000s ]
INFO: [ app_init ] --END-- [ RunTime:0.001000s ]

[ 2015-09-29T07:38:31+08:00 ] 127.0.0.1 /img/placeholders/avatars/avatar3.jpg
INFO: [ app_init ] --START--
INFO: Run Behavior\BuildLiteBehavior [ RunTime:0.000000s ]
INFO: [ app_init ] --END-- [ RunTime:0.000000s ]

[ 2015-09-29T07:38:31+08:00 ] 127.0.0.1 /img/placeholders/avatars/avatar13.jpg
INFO: [ app_init ] --START--
INFO: Run Behavior\BuildLiteBehavior [ RunTime:0.000000s ]
INFO: [ app_init ] --END-- [ RunTime:0.000000s ]

[ 2015-09-29T07:38:31+08:00 ] 127.0.0.1 /img/placeholders/avatars/avatar5.jpg
INFO: [ app_init ] --START--
INFO: Run Behavior\BuildLiteBehavior [ RunTime:0.000000s ]
INFO: [ app_init ] --END-- [ RunTime:0.000000s ]

[ 2015-09-29T07:38:31+08:00 ] 127.0.0.1 /img/placeholders/avatars/avatar12.jpg
INFO: [ app_init ] --START--
INFO: Run Behavior\BuildLiteBehavior [ RunTime:0.001000s ]
INFO: [ app_init ] --END-- [ RunTime:0.002000s ]

[ 2015-09-29T07:38:31+08:00 ] 127.0.0.1 /img/placeholders/avatars/avatar15.jpg
INFO: [ app_init ] --START--
INFO: Run Behavior\BuildLiteBehavior [ RunTime:0.000000s ]
INFO: [ app_init ] --END-- [ RunTime:0.001000s ]

[ 2015-09-29T07:38:31+08:00 ] 127.0.0.1 /img/placeholders/avatars/avatar10.jpg
INFO: [ app_init ] --START--
INFO: Run Behavior\BuildLiteBehavior [ RunTime:0.000000s ]
INFO: [ app_init ] --END-- [ RunTime:0.001000s ]

[ 2015-09-29T07:38:31+08:00 ] 127.0.0.1 /img/placeholders/avatars/avatar4.jpg
INFO: [ app_init ] --START--
INFO: Run Behavior\BuildLiteBehavior [ RunTime:0.000000s ]
INFO: [ app_init ] --END-- [ RunTime:0.001000s ]

[ 2015-09-29T07:38:32+08:00 ] 127.0.0.1 /img/placeholders/avatars/avatar7.jpg
INFO: [ app_init ] --START--
INFO: Run Behavior\BuildLiteBehavior [ RunTime:0.000000s ]
INFO: [ app_init ] --END-- [ RunTime:0.001000s ]

[ 2015-09-29T07:38:32+08:00 ] 127.0.0.1 /img/placeholders/avatars/avatar9.jpg
INFO: [ app_init ] --START--
INFO: Run Behavior\BuildLiteBehavior [ RunTime:0.000000s ]
INFO: [ app_init ] --END-- [ RunTime:0.001000s ]

[ 2015-09-29T07:38:32+08:00 ] 127.0.0.1 /img/placeholders/avatars/avatar16.jpg
INFO: [ app_init ] --START--
INFO: Run Behavior\BuildLiteBehavior [ RunTime:0.000000s ]
INFO: [ app_init ] --END-- [ RunTime:0.001000s ]

[ 2015-09-29T07:45:00+08:00 ] 127.0.0.1 /css/themes/flatie.css
INFO: [ app_init ] --START--
INFO: Run Behavior\BuildLiteBehavior [ RunTime:0.000000s ]
INFO: [ app_init ] --END-- [ RunTime:0.001000s ]
INFO: [ app_begin ] --START--
INFO: Run Behavior\ReadHtmlCacheBehavior [ RunTime:0.000000s ]
INFO: [ app_begin ] --END-- [ RunTime:0.002000s ]
ERR: 无法加载控制器:Css

[ 2015-09-29T07:45:02+08:00 ] 127.0.0.1 /css/themes/autumn.css
INFO: [ app_init ] --START--
INFO: Run Behavior\BuildLiteBehavior [ RunTime:0.000000s ]
INFO: [ app_init ] --END-- [ RunTime:0.000000s ]
INFO: [ app_begin ] --START--
INFO: Run Behavior\ReadHtmlCacheBehavior [ RunTime:0.001000s ]
INFO: [ app_begin ] --END-- [ RunTime:0.001000s ]
ERR: 无法加载控制器:Css

[ 2015-09-29T07:45:19+08:00 ] 127.0.0.1 /css/themes/modern.css
INFO: [ app_init ] --START--
INFO: Run Behavior\BuildLiteBehavior [ RunTime:0.000000s ]
INFO: [ app_init ] --END-- [ RunTime:0.000000s ]
INFO: [ app_begin ] --START--
INFO: Run Behavior\ReadHtmlCacheBehavior [ RunTime:0.000000s ]
INFO: [ app_begin ] --END-- [ RunTime:0.001000s ]
ERR: 无法加载控制器:Css

[ 2015-09-29T07:45:21+08:00 ] 127.0.0.1 /css/themes/amethyst.css
INFO: [ app_init ] --START--
INFO: Run Behavior\BuildLiteBehavior [ RunTime:0.000000s ]
INFO: [ app_init ] --END-- [ RunTime:0.000000s ]
INFO: [ app_begin ] --START--
INFO: Run Behavior\ReadHtmlCacheBehavior [ RunTime:0.001000s ]
INFO: [ app_begin ] --END-- [ RunTime:0.001000s ]
ERR: 无法加载控制器:Css

[ 2015-09-29T07:45:22+08:00 ] 127.0.0.1 /css/themes/night.css
INFO: [ app_init ] --START--
INFO: Run Behavior\BuildLiteBehavior [ RunTime:0.000000s ]
INFO: [ app_init ] --END-- [ RunTime:0.000000s ]
INFO: [ app_begin ] --START--
INFO: Run Behavior\ReadHtmlCacheBehavior [ RunTime:0.001000s ]
INFO: [ app_begin ] --END-- [ RunTime:0.001000s ]
ERR: 无法加载控制器:Css

[ 2015-09-29T09:21:36+08:00 ] 127.0.0.1 /
INFO: [ app_init ] --START--
INFO: Run Behavior\BuildLiteBehavior [ RunTime:0.000000s ]
INFO: [ app_init ] --END-- [ RunTime:0.036002s ]
INFO: [ app_begin ] --START--
INFO: Run Behavior\ReadHtmlCacheBehavior [ RunTime:0.010001s ]
INFO: [ app_begin ] --END-- [ RunTime:0.010001s ]
INFO: [ view_parse ] --START--
INFO: Run Behavior\ParseTemplateBehavior [ RunTime:0.006000s ]
INFO: [ view_parse ] --END-- [ RunTime:0.006000s ]
INFO: [ view_filter ] --START--
INFO: Run Behavior\WriteHtmlCacheBehavior [ RunTime:0.021001s ]
INFO: [ view_filter ] --END-- [ RunTime:0.022001s ]
INFO: [ view_parse ] --START--
ERR: 模板不存在:./Application/Home/View/layout.html

[ 2015-09-29T09:21:36+08:00 ] 127.0.0.1 /favicon.ico
INFO: [ app_init ] --START--
INFO: Run Behavior\BuildLiteBehavior [ RunTime:0.000000s ]
INFO: [ app_init ] --END-- [ RunTime:0.001000s ]

[ 2015-09-29T09:21:41+08:00 ] 127.0.0.1 /admin
INFO: [ app_init ] --START--
INFO: Run Behavior\BuildLiteBehavior [ RunTime:0.000000s ]
INFO: [ app_init ] --END-- [ RunTime:0.001000s ]
INFO: [ app_begin ] --START--
INFO: Run Behavior\ReadHtmlCacheBehavior [ RunTime:0.000000s ]
INFO: [ app_begin ] --END-- [ RunTime:0.001000s ]
ERR: 无法加载控制器:Admin

[ 2015-09-29T09:46:21+08:00 ] 127.0.0.1 /img/placeholders/headers/dashboard_header.jpg
INFO: [ app_init ] --START--
INFO: Run Behavior\BuildLiteBehavior [ RunTime:0.000000s ]
INFO: [ app_init ] --END-- [ RunTime:0.001000s ]

[ 2015-09-29T09:46:21+08:00 ] 127.0.0.1 /img/placeholders/photos/photo1.jpg
INFO: [ app_init ] --START--
INFO: Run Behavior\BuildLiteBehavior [ RunTime:0.000000s ]
INFO: [ app_init ] --END-- [ RunTime:0.001000s ]

[ 2015-09-29T09:46:21+08:00 ] 127.0.0.1 /img/placeholders/photos/photo22.jpg
INFO: [ app_init ] --START--
INFO: Run Behavior\BuildLiteBehavior [ RunTime:0.000000s ]
INFO: [ app_init ] --END-- [ RunTime:0.001000s ]

[ 2015-09-29T09:46:21+08:00 ] 127.0.0.1 /img/placeholders/photos/photo23.jpg
INFO: [ app_init ] --START--
INFO: Run Behavior\BuildLiteBehavior [ RunTime:0.000000s ]
INFO: [ app_init ] --END-- [ RunTime:0.001000s ]

[ 2015-09-29T09:46:21+08:00 ] 127.0.0.1 /img/placeholders/headers/widget5_header.jpg
INFO: [ app_init ] --START--
INFO: Run Behavior\BuildLiteBehavior [ RunTime:0.000000s ]
INFO: [ app_init ] --END-- [ RunTime:0.001000s ]

[ 2015-09-29T09:46:21+08:00 ] 127.0.0.1 /img/placeholders/photos/photo15.jpg
INFO: [ app_init ] --START--
INFO: Run Behavior\BuildLiteBehavior [ RunTime:0.000000s ]
INFO: [ app_init ] --END-- [ RunTime:0.000000s ]

[ 2015-09-29T09:46:21+08:00 ] 127.0.0.1 /img/placeholders/photos/photo5.jpg
INFO: [ app_init ] --START--
INFO: Run Behavior\BuildLiteBehavior [ RunTime:0.000000s ]
INFO: [ app_init ] --END-- [ RunTime:0.001000s ]

[ 2015-09-29T09:46:21+08:00 ] 127.0.0.1 /img/placeholders/photos/photo6.jpg
INFO: [ app_init ] --START--
INFO: Run Behavior\BuildLiteBehavior [ RunTime:0.000000s ]
INFO: [ app_init ] --END-- [ RunTime:0.001000s ]

[ 2015-09-29T09:46:22+08:00 ] 127.0.0.1 /img/placeholders/photos/photo13.jpg
INFO: [ app_init ] --START--
INFO: Run Behavior\BuildLiteBehavior [ RunTime:0.000000s ]
INFO: [ app_init ] --END-- [ RunTime:0.000000s ]

[ 2015-09-29T09:46:22+08:00 ] 127.0.0.1 /img/placeholders/headers/dashboard_header.jpg
INFO: [ app_init ] --START--
INFO: Run Behavior\BuildLiteBehavior [ RunTime:0.000000s ]
INFO: [ app_init ] --END-- [ RunTime:0.001000s ]

[ 2015-09-29T09:46:32+08:00 ] 127.0.0.1 /img/placeholders/headers/dashboard_header.jpg
INFO: [ app_init ] --START--
INFO: Run Behavior\BuildLiteBehavior [ RunTime:0.000000s ]
INFO: [ app_init ] --END-- [ RunTime:0.000000s ]

[ 2015-09-29T09:46:32+08:00 ] 127.0.0.1 /img/placeholders/photos/photo1.jpg
INFO: [ app_init ] --START--
INFO: Run Behavior\BuildLiteBehavior [ RunTime:0.000000s ]
INFO: [ app_init ] --END-- [ RunTime:0.002001s ]

[ 2015-09-29T09:46:32+08:00 ] 127.0.0.1 /img/placeholders/photos/photo22.jpg
INFO: [ app_init ] --START--
INFO: Run Behavior\BuildLiteBehavior [ RunTime:0.000000s ]
INFO: [ app_init ] --END-- [ RunTime:0.001000s ]

[ 2015-09-29T09:46:33+08:00 ] 127.0.0.1 /img/placeholders/headers/widget5_header.jpg
INFO: [ app_init ] --START--
INFO: Run Behavior\BuildLiteBehavior [ RunTime:0.000000s ]
INFO: [ app_init ] --END-- [ RunTime:0.001000s ]

[ 2015-09-29T09:46:33+08:00 ] 127.0.0.1 /img/placeholders/photos/photo23.jpg
INFO: [ app_init ] --START--
INFO: Run Behavior\BuildLiteBehavior [ RunTime:0.000000s ]
INFO: [ app_init ] --END-- [ RunTime:0.001000s ]

[ 2015-09-29T09:46:33+08:00 ] 127.0.0.1 /img/placeholders/photos/photo15.jpg
INFO: [ app_init ] --START--
INFO: Run Behavior\BuildLiteBehavior [ RunTime:0.000000s ]
INFO: [ app_init ] --END-- [ RunTime:0.001000s ]

[ 2015-09-29T09:46:33+08:00 ] 127.0.0.1 /img/placeholders/photos/photo5.jpg
INFO: [ app_init ] --START--
INFO: Run Behavior\BuildLiteBehavior [ RunTime:0.000000s ]
INFO: [ app_init ] --END-- [ RunTime:0.001000s ]

[ 2015-09-29T09:46:33+08:00 ] 127.0.0.1 /img/placeholders/photos/photo6.jpg
INFO: [ app_init ] --START--
INFO: Run Behavior\BuildLiteBehavior [ RunTime:0.000000s ]
INFO: [ app_init ] --END-- [ RunTime:0.001000s ]

[ 2015-09-29T09:46:33+08:00 ] 127.0.0.1 /img/placeholders/photos/photo13.jpg
INFO: [ app_init ] --START--
INFO: Run Behavior\BuildLiteBehavior [ RunTime:0.008000s ]
INFO: [ app_init ] --END-- [ RunTime:0.016000s ]

[ 2015-09-29T10:16:24+08:00 ] 127.0.0.1 /index.php
INFO: [ app_init ] --START--
INFO: Run Behavior\BuildLiteBehavior [ RunTime:0.000000s ]
INFO: [ app_init ] --END-- [ RunTime:0.001000s ]
INFO: [ app_begin ] --START--
INFO: Run Behavior\ReadHtmlCacheBehavior [ RunTime:0.001000s ]
INFO: [ app_begin ] --END-- [ RunTime:0.001000s ]
INFO: [ view_parse ] --START--
INFO: Run Behavior\ParseTemplateBehavior [ RunTime:0.007001s ]
INFO: [ view_parse ] --END-- [ RunTime:0.008001s ]
INFO: [ view_filter ] --START--
INFO: Run Behavior\WriteHtmlCacheBehavior [ RunTime:0.000000s ]
INFO: [ view_filter ] --END-- [ RunTime:0.000000s ]
INFO: [ view_parse ] --START--
ERR: 模板不存在:./Application/Home/View/layout.html

[ 2015-09-29T10:24:10+08:00 ] 127.0.0.1 /index.php
INFO: [ app_init ] --START--
INFO: Run Behavior\BuildLiteBehavior [ RunTime:0.000000s ]
INFO: [ app_init ] --END-- [ RunTime:0.001000s ]
INFO: [ app_begin ] --START--
INFO: Run Behavior\ReadHtmlCacheBehavior [ RunTime:0.000000s ]
INFO: [ app_begin ] --END-- [ RunTime:0.000000s ]
INFO: [ view_parse ] --START--
INFO: Run Behavior\ParseTemplateBehavior [ RunTime:0.007000s ]
INFO: [ view_parse ] --END-- [ RunTime:0.007000s ]
INFO: [ view_filter ] --START--
INFO: Run Behavior\WriteHtmlCacheBehavior [ RunTime:0.001000s ]
INFO: [ view_filter ] --END-- [ RunTime:0.001000s ]
INFO: [ view_parse ] --START--
ERR: 模板不存在:./Application/Home/View/layout.html

[ 2015-09-29T15:21:03+08:00 ] 127.0.0.1 /
INFO: [ app_init ] --START--
INFO: Run Behavior\BuildLiteBehavior [ RunTime:0.000000s ]
INFO: [ app_init ] --END-- [ RunTime:0.041002s ]
INFO: [ app_begin ] --START--
INFO: Run Behavior\ReadHtmlCacheBehavior [ RunTime:0.021001s ]
INFO: [ app_begin ] --END-- [ RunTime:0.021001s ]
INFO: [ view_parse ] --START--
INFO: Run Behavior\ParseTemplateBehavior [ RunTime:0.007000s ]
INFO: [ view_parse ] --END-- [ RunTime:0.007000s ]
INFO: [ view_filter ] --START--
INFO: Run Behavior\WriteHtmlCacheBehavior [ RunTime:0.013001s ]
INFO: [ view_filter ] --END-- [ RunTime:0.014001s ]
INFO: [ view_parse ] --START--
ERR: 模板不存在:./Application/Home/View/layout.html

[ 2015-09-29T15:21:03+08:00 ] 127.0.0.1 /favicon.ico
INFO: [ app_init ] --START--
INFO: Run Behavior\BuildLiteBehavior [ RunTime:0.000000s ]
INFO: [ app_init ] --END-- [ RunTime:0.000000s ]

